This file contains any messages produced by compilers while
running configure, to aid debugging if configure makes a mistake.

It was created by configure, which was
generated by GNU Autoconf 2.69.  Invocation command line was

  $ ./configure --host=arm-buildroot-linux --target=arm-buildroot-linux CC=arm-buildroot-linux-uclibcgnueabihf-gcc

## --------- ##
## Platform. ##
## --------- ##

hostname = dell
uname -m = x86_64
uname -r = 4.15.0-112-generic
uname -s = Linux
uname -v = #113-Ubuntu SMP Thu Jul 9 23:41:39 UTC 2020

/usr/bin/uname -p = unknown
/bin/uname -X     = unknown

/bin/arch              = unknown
/usr/bin/arch -k       = unknown
/usr/convex/getsysinfo = unknown
/usr/bin/hostinfo      = unknown
/bin/machine           = unknown
/usr/bin/oslevel       = unknown
/bin/universe          = unknown

PATH: /opt/hisi-linux/x86-arm/aarch64-himix100-linux/bin
PATH: /opt/hisi-linux/x86-arm/arm-himix200-linux/bin
PATH: /opt/hisi-linux/x86-arm/arm-himix400-linux/bin
PATH: /opt/hisi-linux/x86-arm/arm-himix100-linux/bin
PATH: /opt/hisi-linux/x86-arm/arm-hisiv300-linux/target/bin
PATH: /opt/hisi-linux/x86-arm/arm-hisiv200-linux/target/bin
PATH: /opt/hisi-linux-nptl/arm-hisiv100-linux/target/bin
PATH: /opt/hisi-linux/x86-arm/arm-hisiv100-linux/target/bin
PATH: /opt/hisi-linux/x86-arm/arm-hisiv510-linux/target/bin
PATH: /opt/hisi-linux/x86-arm/arm-hisiv600-linux/target/bin
PATH: /opt/hisi-linux/x86-arm/arm-hisiv500-linux/target/bin
PATH: /opt/hisi-linux/x86-arm/aarch64-himix200-linux/bin
PATH: /usr/local/sbin
PATH: /usr/local/bin
PATH: /usr/sbin
PATH: /usr/bin
PATH: /sbin
PATH: /bin
PATH: /usr/games
PATH: /snap/bin
PATH: /opt/mstar-linux/arm-buildroot-linux-uclibcgnueabihf-4.9.4-uclibc-1.0.31/bin
PATH: /opt/mstar-linux/gcc-sigmastar-9.1.0-2020.07-x86_64_arm-linux-gnueabihf/bin
PATH: /opt/mstar-linux/arm-sigmastar-linux-uclibcgnueabihf-9.1.0/bin
PATH: /opt/xm_toolchain/arm-xm-linux/usr/bin/
PATH: /opt/xm_toolchain/arm-xmv2-linux/usr/bin/
PATH: /opt/nt_toolchain/arm-ca53-linux-uclibcgnueabihf-6.4/bin
PATH: /opt/nt_toolchain/arm-ca9-linux-gnueabihf-6.5/bin/
PATH: /opt/nt_toolchain/arm-ca9-linux-uclibcgnueabihf-8.4/bin/
PATH: /opt/nt_toolchain/arm-ca9-linux-uclibcgnueabihf-6.5/bin/
PATH: /opt/nt_toolchain/arm-ca53-linux-gnueabihf-6.4/bin
PATH: /opt/nt_toolchain/arm-ca9-linux-uclibcgnueabihf-8.4.01/bin
PATH: /opt/nt_toolchain/aarch64-ca53-linux-gnueabihf-8.4/bin
PATH: /opt/nt_toolchain/aarch64-ca53-linux-uclibcgnueabihf-8.4/bin/
PATH: /opt/hisi-linux/x86-arm/arm-himix410-linux/bin
PATH: /opt/gk_toolchain/arm-gcc6.3-linux-uclibceabi/bin
PATH: /opt/gk_toolchain/arm-gcc7.3-rtos-musleabi/bin
PATH: ./


## ----------- ##
## Core tests. ##
## ----------- ##

configure:2488: checking build system type
configure:2502: result: x86_64-unknown-linux-gnu
configure:2522: checking host system type
configure:2535: result: arm-buildroot-linux-gnu
configure:2572: checking for a BSD-compatible install
configure:2640: result: /usr/bin/install -c
configure:2651: checking whether build environment is sane
configure:2706: result: yes
configure:2744: WARNING: 'missing' script is too old or missing
configure:2765: checking for arm-buildroot-linux-strip
configure:2795: result: no
configure:2805: checking for strip
configure:2821: found /usr/bin/strip
configure:2832: result: strip
configure:2857: checking for a thread-safe mkdir -p
configure:2896: result: /bin/mkdir -p
configure:2903: checking for gawk
configure:2919: found /usr/bin/gawk
configure:2930: result: gawk
configure:2941: checking whether make sets $(MAKE)
configure:2963: result: yes
configure:2992: checking whether make supports nested variables
configure:3009: result: yes
configure:3145: checking for arm-buildroot-linux-gcc
configure:3172: result: arm-buildroot-linux-uclibcgnueabihf-gcc
configure:3441: checking for C compiler version
configure:3450: arm-buildroot-linux-uclibcgnueabihf-gcc --version >&5
arm-buildroot-linux-uclibcgnueabihf-gcc.br_real (Buildroot 2017.08-gc7bbae9-dirty) 4.9.4
Copyright (C) 2015 Free Software Foundation, Inc.
This is free software; see the source for copying conditions.  There is NO
warranty; not even for MERCHANTABILITY or FITNESS FOR A PARTICULAR PURPOSE.

configure:3461: $? = 0
configure:3450: arm-buildroot-linux-uclibcgnueabihf-gcc -v >&5
Using built-in specs.
COLLECT_GCC=/opt/mstar-linux/arm-buildroot-linux-uclibcgnueabihf-4.9.4-uclibc-1.0.31/bin/arm-buildroot-linux-uclibcgnueabihf-gcc.br_real
COLLECT_LTO_WRAPPER=/opt/mstar-linux/arm-buildroot-linux-uclibcgnueabihf-4.9.4-uclibc-1.0.31/bin/../libexec/gcc/arm-buildroot-linux-uclibcgnueabihf/4.9.4/lto-wrapper
Target: arm-buildroot-linux-uclibcgnueabihf
Configured with: ./configure --prefix=/home/bale.chou/uclibc/buildroot-2017.08/output/host --sysconfdir=/home/bale.chou/uclibc/buildroot-2017.08/output/host/etc --enable-static --target=arm-buildroot-linux-uclibcgnueabihf --with-sysroot=/home/bale.chou/uclibc/buildroot-2017.08/output/host/arm-buildroot-linux-uclibcgnueabihf/sysroot --disable-__cxa_atexit --with-gnu-ld --disable-libssp --disable-multilib --with-gmp=/home/bale.chou/uclibc/buildroot-2017.08/output/host --with-mpc=/home/bale.chou/uclibc/buildroot-2017.08/output/host --with-mpfr=/home/bale.chou/uclibc/buildroot-2017.08/output/host --with-pkgversion='Buildroot 2017.08-gc7bbae9-dirty' --with-bugurl=http://bugs.buildroot.net/ --disable-libquadmath --disable-libsanitizer --enable-tls --disable-libmudflap --enable-threads --without-isl --without-cloog --disable-decimal-float --with-abi=aapcs-linux --with-cpu=cortex-a9 --with-fpu=vfpv3-d16 --with-float=hard --with-mode=thumb --enable-languages=c,c++ --with-build-time-tools=/home/bale.chou/uclibc/buildroot-2017.08/output/host/arm-buildroot-linux-uclibcgnueabihf/bin --enable-shared --disable-libgomp
Thread model: posix
gcc version 4.9.4 (Buildroot 2017.08-gc7bbae9-dirty) 
configure:3461: $? = 0
configure:3450: arm-buildroot-linux-uclibcgnueabihf-gcc -V >&5
arm-buildroot-linux-uclibcgnueabihf-gcc.br_real: error: unrecognized command line option '-V'
arm-buildroot-linux-uclibcgnueabihf-gcc.br_real: fatal error: no input files
compilation terminated.
configure:3461: $? = 1
configure:3450: arm-buildroot-linux-uclibcgnueabihf-gcc -qversion >&5
arm-buildroot-linux-uclibcgnueabihf-gcc.br_real: error: unrecognized command line option '-qversion'
arm-buildroot-linux-uclibcgnueabihf-gcc.br_real: fatal error: no input files
compilation terminated.
configure:3461: $? = 1
configure:3481: checking whether the C compiler works
configure:3503: arm-buildroot-linux-uclibcgnueabihf-gcc    conftest.c  >&5
configure:3507: $? = 0
configure:3555: result: yes
configure:3558: checking for C compiler default output file name
configure:3560: result: a.out
configure:3566: checking for suffix of executables
configure:3573: arm-buildroot-linux-uclibcgnueabihf-gcc -o conftest    conftest.c  >&5
configure:3577: $? = 0
configure:3599: result: 
configure:3621: checking whether we are cross compiling
configure:3629: arm-buildroot-linux-uclibcgnueabihf-gcc -o conftest    conftest.c  >&5
configure:3633: $? = 0
configure:3640: ./conftest
./configure: line 3642: ./conftest: cannot execute binary file: Exec format error
configure:3644: $? = 126
configure:3659: result: yes
configure:3664: checking for suffix of object files
configure:3686: arm-buildroot-linux-uclibcgnueabihf-gcc -c   conftest.c >&5
configure:3690: $? = 0
configure:3711: result: o
configure:3715: checking whether we are using the GNU C compiler
configure:3734: arm-buildroot-linux-uclibcgnueabihf-gcc -c   conftest.c >&5
configure:3734: $? = 0
configure:3743: result: yes
configure:3752: checking whether arm-buildroot-linux-uclibcgnueabihf-gcc accepts -g
configure:3772: arm-buildroot-linux-uclibcgnueabihf-gcc -c -g  conftest.c >&5
configure:3772: $? = 0
configure:3813: result: yes
configure:3830: checking for arm-buildroot-linux-uclibcgnueabihf-gcc option to accept ISO C89
configure:3893: arm-buildroot-linux-uclibcgnueabihf-gcc  -c -g -O2  conftest.c >&5
configure:3893: $? = 0
configure:3906: result: none needed
configure:3931: checking whether arm-buildroot-linux-uclibcgnueabihf-gcc understands -c and -o together
configure:3953: arm-buildroot-linux-uclibcgnueabihf-gcc -c conftest.c -o conftest2.o
configure:3956: $? = 0
configure:3953: arm-buildroot-linux-uclibcgnueabihf-gcc -c conftest.c -o conftest2.o
configure:3956: $? = 0
configure:3968: result: yes
configure:3996: checking for style of include used by make
configure:4024: result: GNU
configure:4050: checking dependency style of arm-buildroot-linux-uclibcgnueabihf-gcc
configure:4161: result: gcc3
configure:4185: checking how to run the C preprocessor
configure:4216: arm-buildroot-linux-uclibcgnueabihf-gcc -E  conftest.c
configure:4216: $? = 0
configure:4230: arm-buildroot-linux-uclibcgnueabihf-gcc -E  conftest.c
conftest.c:11:28: fatal error: ac_nonexistent.h: No such file or directory
 #include <ac_nonexistent.h>
                            ^
compilation terminated.
configure:4230: $? = 1
configure: failed program was:
| /* confdefs.h */
| #define PACKAGE_NAME ""
| #define PACKAGE_TARNAME ""
| #define PACKAGE_VERSION ""
| #define PACKAGE_STRING ""
| #define PACKAGE_BUGREPORT ""
| #define PACKAGE_URL ""
| #define PACKAGE "hddtemp"
| #define VERSION "0.3-beta15"
| /* end confdefs.h.  */
| #include <ac_nonexistent.h>
configure:4255: result: arm-buildroot-linux-uclibcgnueabihf-gcc -E
configure:4275: arm-buildroot-linux-uclibcgnueabihf-gcc -E  conftest.c
configure:4275: $? = 0
configure:4289: arm-buildroot-linux-uclibcgnueabihf-gcc -E  conftest.c
conftest.c:11:28: fatal error: ac_nonexistent.h: No such file or directory
 #include <ac_nonexistent.h>
                            ^
compilation terminated.
configure:4289: $? = 1
configure: failed program was:
| /* confdefs.h */
| #define PACKAGE_NAME ""
| #define PACKAGE_TARNAME ""
| #define PACKAGE_VERSION ""
| #define PACKAGE_STRING ""
| #define PACKAGE_BUGREPORT ""
| #define PACKAGE_URL ""
| #define PACKAGE "hddtemp"
| #define VERSION "0.3-beta15"
| /* end confdefs.h.  */
| #include <ac_nonexistent.h>
configure:4318: checking for grep that handles long lines and -e
configure:4376: result: /bin/grep
configure:4381: checking for egrep
configure:4443: result: /bin/grep -E
configure:4448: checking for ANSI C header files
configure:4468: arm-buildroot-linux-uclibcgnueabihf-gcc -c -g -O2  conftest.c >&5
configure:4468: $? = 0
configure:4552: result: yes
configure:4565: checking for sys/types.h
configure:4565: arm-buildroot-linux-uclibcgnueabihf-gcc -c -g -O2  conftest.c >&5
configure:4565: $? = 0
configure:4565: result: yes
configure:4565: checking for sys/stat.h
configure:4565: arm-buildroot-linux-uclibcgnueabihf-gcc -c -g -O2  conftest.c >&5
configure:4565: $? = 0
configure:4565: result: yes
configure:4565: checking for stdlib.h
configure:4565: arm-buildroot-linux-uclibcgnueabihf-gcc -c -g -O2  conftest.c >&5
configure:4565: $? = 0
configure:4565: result: yes
configure:4565: checking for string.h
configure:4565: arm-buildroot-linux-uclibcgnueabihf-gcc -c -g -O2  conftest.c >&5
configure:4565: $? = 0
configure:4565: result: yes
configure:4565: checking for memory.h
configure:4565: arm-buildroot-linux-uclibcgnueabihf-gcc -c -g -O2  conftest.c >&5
configure:4565: $? = 0
configure:4565: result: yes
configure:4565: checking for strings.h
configure:4565: arm-buildroot-linux-uclibcgnueabihf-gcc -c -g -O2  conftest.c >&5
configure:4565: $? = 0
configure:4565: result: yes
configure:4565: checking for inttypes.h
configure:4565: arm-buildroot-linux-uclibcgnueabihf-gcc -c -g -O2  conftest.c >&5
configure:4565: $? = 0
configure:4565: result: yes
configure:4565: checking for stdint.h
configure:4565: arm-buildroot-linux-uclibcgnueabihf-gcc -c -g -O2  conftest.c >&5
configure:4565: $? = 0
configure:4565: result: yes
configure:4565: checking for unistd.h
configure:4565: arm-buildroot-linux-uclibcgnueabihf-gcc -c -g -O2  conftest.c >&5
configure:4565: $? = 0
configure:4565: result: yes
configure:4579: checking fcntl.h usability
configure:4579: arm-buildroot-linux-uclibcgnueabihf-gcc -c -g -O2  conftest.c >&5
configure:4579: $? = 0
configure:4579: result: yes
configure:4579: checking fcntl.h presence
configure:4579: arm-buildroot-linux-uclibcgnueabihf-gcc -E  conftest.c
configure:4579: $? = 0
configure:4579: result: yes
configure:4579: checking for fcntl.h
configure:4579: result: yes
configure:4591: checking netinet/in.h usability
configure:4591: arm-buildroot-linux-uclibcgnueabihf-gcc -c -g -O2  conftest.c >&5
configure:4591: $? = 0
configure:4591: result: yes
configure:4591: checking netinet/in.h presence
configure:4591: arm-buildroot-linux-uclibcgnueabihf-gcc -E  conftest.c
configure:4591: $? = 0
configure:4591: result: yes
configure:4591: checking for netinet/in.h
configure:4591: result: yes
configure:4601: checking for in_addr_t
configure:4601: arm-buildroot-linux-uclibcgnueabihf-gcc -c -g -O2  conftest.c >&5
configure:4601: $? = 0
configure:4601: arm-buildroot-linux-uclibcgnueabihf-gcc -c -g -O2  conftest.c >&5
conftest.c: In function 'main':
conftest.c:28:24: error: expected expression before ')' token
 if (sizeof ((in_addr_t)))
                        ^
configure:4601: $? = 1
configure: failed program was:
| /* confdefs.h */
| #define PACKAGE_NAME ""
| #define PACKAGE_TARNAME ""
| #define PACKAGE_VERSION ""
| #define PACKAGE_STRING ""
| #define PACKAGE_BUGREPORT ""
| #define PACKAGE_URL ""
| #define PACKAGE "hddtemp"
| #define VERSION "0.3-beta15"
| #define STDC_HEADERS 1
| #define HAVE_SYS_TYPES_H 1
| #define HAVE_SYS_STAT_H 1
| #define HAVE_STDLIB_H 1
| #define HAVE_STRING_H 1
| #define HAVE_MEMORY_H 1
| #define HAVE_STRINGS_H 1
| #define HAVE_INTTYPES_H 1
| #define HAVE_STDINT_H 1
| #define HAVE_UNISTD_H 1
| #define HAVE_FCNTL_H 1
| #define HAVE_NETINET_IN_H 1
| /* end confdefs.h.  */
| #include <netinet/in.h>
| 
| int
| main ()
| {
| if (sizeof ((in_addr_t)))
| 	    return 0;
|   ;
|   return 0;
| }
configure:4601: result: yes
configure:4615: checking for an ANSI C-conforming const
configure:4681: arm-buildroot-linux-uclibcgnueabihf-gcc -c -g -O2  conftest.c >&5
configure:4681: $? = 0
configure:4688: result: yes
configure:4696: checking whether struct tm is in sys/time.h or time.h
configure:4716: arm-buildroot-linux-uclibcgnueabihf-gcc -c -g -O2  conftest.c >&5
configure:4716: $? = 0
configure:4723: result: time.h
configure:4747: checking whether NLS is requested
configure:4756: result: yes
configure:4794: checking for msgfmt
configure: trying /usr/bin/msgfmt...
0 translated messages.
configure:4826: result: /usr/bin/msgfmt
configure:4835: checking for gmsgfmt
configure:4866: result: /usr/bin/msgfmt
configure:4906: checking for xgettext
configure: trying /usr/bin/xgettext...
/usr/bin/xgettext: warning: file '/dev/null' extension '' is unknown; will try C
configure:4938: result: /usr/bin/xgettext
configure:4978: checking for msgmerge
configure: trying /usr/bin/msgmerge...
configure:5009: result: /usr/bin/msgmerge
configure:5045: checking whether we are using the GNU C Library 2 or newer
configure:5072: result: yes
configure:5081: checking for arm-buildroot-linux-ranlib
configure:5111: result: no
configure:5121: checking for ranlib
configure:5137: found /usr/bin/ranlib
configure:5148: result: ranlib
configure:5160: WARNING: using cross tools not prefixed with host triplet
configure:5171: checking for strerror in -lcposix
configure:5196: arm-buildroot-linux-uclibcgnueabihf-gcc -o conftest -g -O2   conftest.c -lcposix   >&5
/opt/mstar-linux/arm-buildroot-linux-uclibcgnueabihf-4.9.4-uclibc-1.0.31/bin/../lib/gcc/arm-buildroot-linux-uclibcgnueabihf/4.9.4/../../../../arm-buildroot-linux-uclibcgnueabihf/bin/ld: cannot find -lcposix
collect2: error: ld returned 1 exit status
configure:5196: $? = 1
configure: failed program was:
| /* confdefs.h */
| #define PACKAGE_NAME ""
| #define PACKAGE_TARNAME ""
| #define PACKAGE_VERSION ""
| #define PACKAGE_STRING ""
| #define PACKAGE_BUGREPORT ""
| #define PACKAGE_URL ""
| #define PACKAGE "hddtemp"
| #define VERSION "0.3-beta15"
| #define STDC_HEADERS 1
| #define HAVE_SYS_TYPES_H 1
| #define HAVE_SYS_STAT_H 1
| #define HAVE_STDLIB_H 1
| #define HAVE_STRING_H 1
| #define HAVE_MEMORY_H 1
| #define HAVE_STRINGS_H 1
| #define HAVE_INTTYPES_H 1
| #define HAVE_STDINT_H 1
| #define HAVE_UNISTD_H 1
| #define HAVE_FCNTL_H 1
| #define HAVE_NETINET_IN_H 1
| /* end confdefs.h.  */
| 
| /* Override any GCC internal prototype to avoid an error.
|    Use char because int might match the return type of a GCC
|    builtin and then its argument prototype would still apply.  */
| #ifdef __cplusplus
| extern "C"
| #endif
| char strerror ();
| int
| main ()
| {
| return strerror ();
|   ;
|   return 0;
| }
configure:5205: result: no
configure:5214: checking for signed
configure:5230: arm-buildroot-linux-uclibcgnueabihf-gcc -c -g -O2  conftest.c >&5
configure:5230: $? = 0
configure:5237: result: yes
configure:5245: checking for inline
configure:5261: arm-buildroot-linux-uclibcgnueabihf-gcc -c -g -O2  conftest.c >&5
configure:5261: $? = 0
configure:5269: result: inline
configure:5287: checking for off_t
configure:5287: arm-buildroot-linux-uclibcgnueabihf-gcc -c -g -O2  conftest.c >&5
configure:5287: $? = 0
configure:5287: arm-buildroot-linux-uclibcgnueabihf-gcc -c -g -O2  conftest.c >&5
conftest.c: In function 'main':
conftest.c:59:20: error: expected expression before ')' token
 if (sizeof ((off_t)))
                    ^
configure:5287: $? = 1
configure: failed program was:
| /* confdefs.h */
| #define PACKAGE_NAME ""
| #define PACKAGE_TARNAME ""
| #define PACKAGE_VERSION ""
| #define PACKAGE_STRING ""
| #define PACKAGE_BUGREPORT ""
| #define PACKAGE_URL ""
| #define PACKAGE "hddtemp"
| #define VERSION "0.3-beta15"
| #define STDC_HEADERS 1
| #define HAVE_SYS_TYPES_H 1
| #define HAVE_SYS_STAT_H 1
| #define HAVE_STDLIB_H 1
| #define HAVE_STRING_H 1
| #define HAVE_MEMORY_H 1
| #define HAVE_STRINGS_H 1
| #define HAVE_INTTYPES_H 1
| #define HAVE_STDINT_H 1
| #define HAVE_UNISTD_H 1
| #define HAVE_FCNTL_H 1
| #define HAVE_NETINET_IN_H 1
| /* end confdefs.h.  */
| #include <stdio.h>
| #ifdef HAVE_SYS_TYPES_H
| # include <sys/types.h>
| #endif
| #ifdef HAVE_SYS_STAT_H
| # include <sys/stat.h>
| #endif
| #ifdef STDC_HEADERS
| # include <stdlib.h>
| # include <stddef.h>
| #else
| # ifdef HAVE_STDLIB_H
| #  include <stdlib.h>
| # endif
| #endif
| #ifdef HAVE_STRING_H
| # if !defined STDC_HEADERS && defined HAVE_MEMORY_H
| #  include <memory.h>
| # endif
| # include <string.h>
| #endif
| #ifdef HAVE_STRINGS_H
| # include <strings.h>
| #endif
| #ifdef HAVE_INTTYPES_H
| # include <inttypes.h>
| #endif
| #ifdef HAVE_STDINT_H
| # include <stdint.h>
| #endif
| #ifdef HAVE_UNISTD_H
| # include <unistd.h>
| #endif
| int
| main ()
| {
| if (sizeof ((off_t)))
| 	    return 0;
|   ;
|   return 0;
| }
configure:5287: result: yes
configure:5298: checking for size_t
configure:5298: arm-buildroot-linux-uclibcgnueabihf-gcc -c -g -O2  conftest.c >&5
configure:5298: $? = 0
configure:5298: arm-buildroot-linux-uclibcgnueabihf-gcc -c -g -O2  conftest.c >&5
conftest.c: In function 'main':
conftest.c:59:21: error: expected expression before ')' token
 if (sizeof ((size_t)))
                     ^
configure:5298: $? = 1
configure: failed program was:
| /* confdefs.h */
| #define PACKAGE_NAME ""
| #define PACKAGE_TARNAME ""
| #define PACKAGE_VERSION ""
| #define PACKAGE_STRING ""
| #define PACKAGE_BUGREPORT ""
| #define PACKAGE_URL ""
| #define PACKAGE "hddtemp"
| #define VERSION "0.3-beta15"
| #define STDC_HEADERS 1
| #define HAVE_SYS_TYPES_H 1
| #define HAVE_SYS_STAT_H 1
| #define HAVE_STDLIB_H 1
| #define HAVE_STRING_H 1
| #define HAVE_MEMORY_H 1
| #define HAVE_STRINGS_H 1
| #define HAVE_INTTYPES_H 1
| #define HAVE_STDINT_H 1
| #define HAVE_UNISTD_H 1
| #define HAVE_FCNTL_H 1
| #define HAVE_NETINET_IN_H 1
| /* end confdefs.h.  */
| #include <stdio.h>
| #ifdef HAVE_SYS_TYPES_H
| # include <sys/types.h>
| #endif
| #ifdef HAVE_SYS_STAT_H
| # include <sys/stat.h>
| #endif
| #ifdef STDC_HEADERS
| # include <stdlib.h>
| # include <stddef.h>
| #else
| # ifdef HAVE_STDLIB_H
| #  include <stdlib.h>
| # endif
| #endif
| #ifdef HAVE_STRING_H
| # if !defined STDC_HEADERS && defined HAVE_MEMORY_H
| #  include <memory.h>
| # endif
| # include <string.h>
| #endif
| #ifdef HAVE_STRINGS_H
| # include <strings.h>
| #endif
| #ifdef HAVE_INTTYPES_H
| # include <inttypes.h>
| #endif
| #ifdef HAVE_STDINT_H
| # include <stdint.h>
| #endif
| #ifdef HAVE_UNISTD_H
| # include <unistd.h>
| #endif
| int
| main ()
| {
| if (sizeof ((size_t)))
| 	    return 0;
|   ;
|   return 0;
| }
configure:5298: result: yes
configure:5310: checking for long long
configure:5327: arm-buildroot-linux-uclibcgnueabihf-gcc -o conftest -g -O2   conftest.c  >&5
configure:5327: $? = 0
configure:5335: result: yes
configure:5344: checking for long double
configure:5376: result: yes
configure:5385: checking for wchar_t
configure:5402: arm-buildroot-linux-uclibcgnueabihf-gcc -c -g -O2  conftest.c >&5
configure:5402: $? = 0
configure:5409: result: yes
configure:5418: checking for wint_t
configure:5435: arm-buildroot-linux-uclibcgnueabihf-gcc -c -g -O2  conftest.c >&5
configure:5435: $? = 0
configure:5442: result: yes
configure:5451: checking for inttypes.h
configure:5468: arm-buildroot-linux-uclibcgnueabihf-gcc -c -g -O2  conftest.c >&5
configure:5468: $? = 0
configure:5475: result: yes
configure:5486: checking for stdint.h
configure:5503: arm-buildroot-linux-uclibcgnueabihf-gcc -c -g -O2  conftest.c >&5
configure:5503: $? = 0
configure:5510: result: yes
configure:5523: checking for intmax_t
configure:5548: arm-buildroot-linux-uclibcgnueabihf-gcc -c -g -O2  conftest.c >&5
configure:5548: $? = 0
configure:5555: result: yes
configure:5565: checking whether printf() supports POSIX/XSI format strings
configure:5617: result: guessing yes
configure:5629: checking for working alloca.h
configure:5646: arm-buildroot-linux-uclibcgnueabihf-gcc -o conftest -g -O2   conftest.c  >&5
configure:5646: $? = 0
configure:5654: result: yes
configure:5662: checking for alloca
configure:5699: arm-buildroot-linux-uclibcgnueabihf-gcc -o conftest -g -O2   conftest.c  >&5
configure:5699: $? = 0
configure:5707: result: yes
configure:5819: checking for stdlib.h
configure:5819: result: yes
configure:5819: checking for unistd.h
configure:5819: result: yes
configure:5819: checking for sys/param.h
configure:5819: arm-buildroot-linux-uclibcgnueabihf-gcc -c -g -O2  conftest.c >&5
configure:5819: $? = 0
configure:5819: result: yes
configure:5839: checking for getpagesize
configure:5839: arm-buildroot-linux-uclibcgnueabihf-gcc -o conftest -g -O2   conftest.c  >&5
configure:5839: $? = 0
configure:5839: result: yes
configure:5848: checking for working mmap
configure:6007: result: no
configure:6017: checking whether we are using the GNU C Library 2.1 or newer
configure:6044: result: yes
configure:6052: checking whether integer division by zero raises SIGFPE
configure:6120: result: guessing no
configure:6133: checking for unsigned long long
configure:6150: arm-buildroot-linux-uclibcgnueabihf-gcc -o conftest -g -O2   conftest.c  >&5
configure:6150: $? = 0
configure:6158: result: yes
configure:6186: checking for inttypes.h
configure:6204: arm-buildroot-linux-uclibcgnueabihf-gcc -c -g -O2  conftest.c >&5
configure:6204: $? = 0
configure:6212: result: yes
configure:6225: checking whether the inttypes.h PRIxNN macros are broken
configure:6246: arm-buildroot-linux-uclibcgnueabihf-gcc -c -g -O2  conftest.c >&5
configure:6246: $? = 0
configure:6254: result: no
configure:6268: checking for stdint.h
configure:6268: result: yes
configure:6278: checking for SIZE_MAX
configure:6351: result: yes
configure:6366: checking for stdint.h
configure:6366: result: yes
configure:6378: checking for CFPreferencesCopyAppValue
configure:6398: arm-buildroot-linux-uclibcgnueabihf-gcc -o conftest -g -O2  -I/System/Library/Frameworks/CoreFoundation.framework/Headers  conftest.c  -framework CoreFoundation >&5
arm-buildroot-linux-uclibcgnueabihf-gcc.br_real: error: CoreFoundation: No such file or directory
arm-buildroot-linux-uclibcgnueabihf-gcc.br_real: error: unrecognized command line option '-framework'
configure:6398: $? = 1
configure: failed program was:
| /* confdefs.h */
| #define PACKAGE_NAME ""
| #define PACKAGE_TARNAME ""
| #define PACKAGE_VERSION ""
| #define PACKAGE_STRING ""
| #define PACKAGE_BUGREPORT ""
| #define PACKAGE_URL ""
| #define PACKAGE "hddtemp"
| #define VERSION "0.3-beta15"
| #define STDC_HEADERS 1
| #define HAVE_SYS_TYPES_H 1
| #define HAVE_SYS_STAT_H 1
| #define HAVE_STDLIB_H 1
| #define HAVE_STRING_H 1
| #define HAVE_MEMORY_H 1
| #define HAVE_STRINGS_H 1
| #define HAVE_INTTYPES_H 1
| #define HAVE_STDINT_H 1
| #define HAVE_UNISTD_H 1
| #define HAVE_FCNTL_H 1
| #define HAVE_NETINET_IN_H 1
| #define HAVE_LONG_LONG 1
| #define HAVE_LONG_DOUBLE 1
| #define HAVE_WCHAR_T 1
| #define HAVE_WINT_T 1
| #define HAVE_INTTYPES_H_WITH_UINTMAX 1
| #define HAVE_STDINT_H_WITH_UINTMAX 1
| #define HAVE_INTMAX_T 1
| #define HAVE_POSIX_PRINTF 1
| #define HAVE_ALLOCA_H 1
| #define HAVE_ALLOCA 1
| #define HAVE_STDLIB_H 1
| #define HAVE_UNISTD_H 1
| #define HAVE_SYS_PARAM_H 1
| #define HAVE_GETPAGESIZE 1
| #define INTDIV0_RAISES_SIGFPE 0
| #define HAVE_UNSIGNED_LONG_LONG 1
| #define HAVE_UINTMAX_T 1
| #define HAVE_INTTYPES_H 1
| #define HAVE_STDINT_H 1
| #define HAVE_STDINT_H 1
| /* end confdefs.h.  */
| #include <CFPreferences.h>
| int
| main ()
| {
| CFPreferencesCopyAppValue(NULL, NULL)
|   ;
|   return 0;
| }
configure:6408: result: no
configure:6415: checking for CFLocaleCopyCurrent
configure:6435: arm-buildroot-linux-uclibcgnueabihf-gcc -o conftest -g -O2  -I/System/Library/Frameworks/CoreFoundation.framework/Headers  conftest.c  -framework CoreFoundation >&5
arm-buildroot-linux-uclibcgnueabihf-gcc.br_real: error: CoreFoundation: No such file or directory
arm-buildroot-linux-uclibcgnueabihf-gcc.br_real: error: unrecognized command line option '-framework'
configure:6435: $? = 1
configure: failed program was:
| /* confdefs.h */
| #define PACKAGE_NAME ""
| #define PACKAGE_TARNAME ""
| #define PACKAGE_VERSION ""
| #define PACKAGE_STRING ""
| #define PACKAGE_BUGREPORT ""
| #define PACKAGE_URL ""
| #define PACKAGE "hddtemp"
| #define VERSION "0.3-beta15"
| #define STDC_HEADERS 1
| #define HAVE_SYS_TYPES_H 1
| #define HAVE_SYS_STAT_H 1
| #define HAVE_STDLIB_H 1
| #define HAVE_STRING_H 1
| #define HAVE_MEMORY_H 1
| #define HAVE_STRINGS_H 1
| #define HAVE_INTTYPES_H 1
| #define HAVE_STDINT_H 1
| #define HAVE_UNISTD_H 1
| #define HAVE_FCNTL_H 1
| #define HAVE_NETINET_IN_H 1
| #define HAVE_LONG_LONG 1
| #define HAVE_LONG_DOUBLE 1
| #define HAVE_WCHAR_T 1
| #define HAVE_WINT_T 1
| #define HAVE_INTTYPES_H_WITH_UINTMAX 1
| #define HAVE_STDINT_H_WITH_UINTMAX 1
| #define HAVE_INTMAX_T 1
| #define HAVE_POSIX_PRINTF 1
| #define HAVE_ALLOCA_H 1
| #define HAVE_ALLOCA 1
| #define HAVE_STDLIB_H 1
| #define HAVE_UNISTD_H 1
| #define HAVE_SYS_PARAM_H 1
| #define HAVE_GETPAGESIZE 1
| #define INTDIV0_RAISES_SIGFPE 0
| #define HAVE_UNSIGNED_LONG_LONG 1
| #define HAVE_UINTMAX_T 1
| #define HAVE_INTTYPES_H 1
| #define HAVE_STDINT_H 1
| #define HAVE_STDINT_H 1
| /* end confdefs.h.  */
| #include <CFLocale.h>
| int
| main ()
| {
| CFLocaleCopyCurrent();
|   ;
|   return 0;
| }
configure:6445: result: no
configure:6498: checking for ld used by GCC
configure:6562: result: /opt/mstar-linux/arm-buildroot-linux-uclibcgnueabihf-4.9.4-uclibc-1.0.31/arm-buildroot-linux-uclibcgnueabihf/bin/ld
configure:6569: checking if the linker (/opt/mstar-linux/arm-buildroot-linux-uclibcgnueabihf-4.9.4-uclibc-1.0.31/arm-buildroot-linux-uclibcgnueabihf/bin/ld) is GNU ld
configure:6582: result: yes
configure:6588: checking for shared library run path origin
configure:6601: result: done
configure:7007: checking for ptrdiff_t
configure:7007: arm-buildroot-linux-uclibcgnueabihf-gcc -c -g -O2  conftest.c >&5
configure:7007: $? = 0
configure:7007: arm-buildroot-linux-uclibcgnueabihf-gcc -c -g -O2  conftest.c >&5
conftest.c: In function 'main':
conftest.c:79:24: error: expected expression before ')' token
 if (sizeof ((ptrdiff_t)))
                        ^
configure:7007: $? = 1
configure: failed program was:
| /* confdefs.h */
| #define PACKAGE_NAME ""
| #define PACKAGE_TARNAME ""
| #define PACKAGE_VERSION ""
| #define PACKAGE_STRING ""
| #define PACKAGE_BUGREPORT ""
| #define PACKAGE_URL ""
| #define PACKAGE "hddtemp"
| #define VERSION "0.3-beta15"
| #define STDC_HEADERS 1
| #define HAVE_SYS_TYPES_H 1
| #define HAVE_SYS_STAT_H 1
| #define HAVE_STDLIB_H 1
| #define HAVE_STRING_H 1
| #define HAVE_MEMORY_H 1
| #define HAVE_STRINGS_H 1
| #define HAVE_INTTYPES_H 1
| #define HAVE_STDINT_H 1
| #define HAVE_UNISTD_H 1
| #define HAVE_FCNTL_H 1
| #define HAVE_NETINET_IN_H 1
| #define HAVE_LONG_LONG 1
| #define HAVE_LONG_DOUBLE 1
| #define HAVE_WCHAR_T 1
| #define HAVE_WINT_T 1
| #define HAVE_INTTYPES_H_WITH_UINTMAX 1
| #define HAVE_STDINT_H_WITH_UINTMAX 1
| #define HAVE_INTMAX_T 1
| #define HAVE_POSIX_PRINTF 1
| #define HAVE_ALLOCA_H 1
| #define HAVE_ALLOCA 1
| #define HAVE_STDLIB_H 1
| #define HAVE_UNISTD_H 1
| #define HAVE_SYS_PARAM_H 1
| #define HAVE_GETPAGESIZE 1
| #define INTDIV0_RAISES_SIGFPE 0
| #define HAVE_UNSIGNED_LONG_LONG 1
| #define HAVE_UINTMAX_T 1
| #define HAVE_INTTYPES_H 1
| #define HAVE_STDINT_H 1
| #define HAVE_STDINT_H 1
| /* end confdefs.h.  */
| #include <stdio.h>
| #ifdef HAVE_SYS_TYPES_H
| # include <sys/types.h>
| #endif
| #ifdef HAVE_SYS_STAT_H
| # include <sys/stat.h>
| #endif
| #ifdef STDC_HEADERS
| # include <stdlib.h>
| # include <stddef.h>
| #else
| # ifdef HAVE_STDLIB_H
| #  include <stdlib.h>
| # endif
| #endif
| #ifdef HAVE_STRING_H
| # if !defined STDC_HEADERS && defined HAVE_MEMORY_H
| #  include <memory.h>
| # endif
| # include <string.h>
| #endif
| #ifdef HAVE_STRINGS_H
| # include <strings.h>
| #endif
| #ifdef HAVE_INTTYPES_H
| # include <inttypes.h>
| #endif
| #ifdef HAVE_STDINT_H
| # include <stdint.h>
| #endif
| #ifdef HAVE_UNISTD_H
| # include <unistd.h>
| #endif
| int
| main ()
| {
| if (sizeof ((ptrdiff_t)))
| 	    return 0;
|   ;
|   return 0;
| }
configure:7007: result: yes
configure:7021: checking argz.h usability
configure:7021: arm-buildroot-linux-uclibcgnueabihf-gcc -c -g -O2  conftest.c >&5
conftest.c:76:18: fatal error: argz.h: No such file or directory
 #include <argz.h>
                  ^
compilation terminated.
configure:7021: $? = 1
configure: failed program was:
| /* confdefs.h */
| #define PACKAGE_NAME ""
| #define PACKAGE_TARNAME ""
| #define PACKAGE_VERSION ""
| #define PACKAGE_STRING ""
| #define PACKAGE_BUGREPORT ""
| #define PACKAGE_URL ""
| #define PACKAGE "hddtemp"
| #define VERSION "0.3-beta15"
| #define STDC_HEADERS 1
| #define HAVE_SYS_TYPES_H 1
| #define HAVE_SYS_STAT_H 1
| #define HAVE_STDLIB_H 1
| #define HAVE_STRING_H 1
| #define HAVE_MEMORY_H 1
| #define HAVE_STRINGS_H 1
| #define HAVE_INTTYPES_H 1
| #define HAVE_STDINT_H 1
| #define HAVE_UNISTD_H 1
| #define HAVE_FCNTL_H 1
| #define HAVE_NETINET_IN_H 1
| #define HAVE_LONG_LONG 1
| #define HAVE_LONG_DOUBLE 1
| #define HAVE_WCHAR_T 1
| #define HAVE_WINT_T 1
| #define HAVE_INTTYPES_H_WITH_UINTMAX 1
| #define HAVE_STDINT_H_WITH_UINTMAX 1
| #define HAVE_INTMAX_T 1
| #define HAVE_POSIX_PRINTF 1
| #define HAVE_ALLOCA_H 1
| #define HAVE_ALLOCA 1
| #define HAVE_STDLIB_H 1
| #define HAVE_UNISTD_H 1
| #define HAVE_SYS_PARAM_H 1
| #define HAVE_GETPAGESIZE 1
| #define INTDIV0_RAISES_SIGFPE 0
| #define HAVE_UNSIGNED_LONG_LONG 1
| #define HAVE_UINTMAX_T 1
| #define HAVE_INTTYPES_H 1
| #define HAVE_STDINT_H 1
| #define HAVE_STDINT_H 1
| /* end confdefs.h.  */
| #include <stdio.h>
| #ifdef HAVE_SYS_TYPES_H
| # include <sys/types.h>
| #endif
| #ifdef HAVE_SYS_STAT_H
| # include <sys/stat.h>
| #endif
| #ifdef STDC_HEADERS
| # include <stdlib.h>
| # include <stddef.h>
| #else
| # ifdef HAVE_STDLIB_H
| #  include <stdlib.h>
| # endif
| #endif
| #ifdef HAVE_STRING_H
| # if !defined STDC_HEADERS && defined HAVE_MEMORY_H
| #  include <memory.h>
| # endif
| # include <string.h>
| #endif
| #ifdef HAVE_STRINGS_H
| # include <strings.h>
| #endif
| #ifdef HAVE_INTTYPES_H
| # include <inttypes.h>
| #endif
| #ifdef HAVE_STDINT_H
| # include <stdint.h>
| #endif
| #ifdef HAVE_UNISTD_H
| # include <unistd.h>
| #endif
| #include <argz.h>
configure:7021: result: no
configure:7021: checking argz.h presence
configure:7021: arm-buildroot-linux-uclibcgnueabihf-gcc -E  conftest.c
conftest.c:43:18: fatal error: argz.h: No such file or directory
 #include <argz.h>
                  ^
compilation terminated.
configure:7021: $? = 1
configure: failed program was:
| /* confdefs.h */
| #define PACKAGE_NAME ""
| #define PACKAGE_TARNAME ""
| #define PACKAGE_VERSION ""
| #define PACKAGE_STRING ""
| #define PACKAGE_BUGREPORT ""
| #define PACKAGE_URL ""
| #define PACKAGE "hddtemp"
| #define VERSION "0.3-beta15"
| #define STDC_HEADERS 1
| #define HAVE_SYS_TYPES_H 1
| #define HAVE_SYS_STAT_H 1
| #define HAVE_STDLIB_H 1
| #define HAVE_STRING_H 1
| #define HAVE_MEMORY_H 1
| #define HAVE_STRINGS_H 1
| #define HAVE_INTTYPES_H 1
| #define HAVE_STDINT_H 1
| #define HAVE_UNISTD_H 1
| #define HAVE_FCNTL_H 1
| #define HAVE_NETINET_IN_H 1
| #define HAVE_LONG_LONG 1
| #define HAVE_LONG_DOUBLE 1
| #define HAVE_WCHAR_T 1
| #define HAVE_WINT_T 1
| #define HAVE_INTTYPES_H_WITH_UINTMAX 1
| #define HAVE_STDINT_H_WITH_UINTMAX 1
| #define HAVE_INTMAX_T 1
| #define HAVE_POSIX_PRINTF 1
| #define HAVE_ALLOCA_H 1
| #define HAVE_ALLOCA 1
| #define HAVE_STDLIB_H 1
| #define HAVE_UNISTD_H 1
| #define HAVE_SYS_PARAM_H 1
| #define HAVE_GETPAGESIZE 1
| #define INTDIV0_RAISES_SIGFPE 0
| #define HAVE_UNSIGNED_LONG_LONG 1
| #define HAVE_UINTMAX_T 1
| #define HAVE_INTTYPES_H 1
| #define HAVE_STDINT_H 1
| #define HAVE_STDINT_H 1
| /* end confdefs.h.  */
| #include <argz.h>
configure:7021: result: no
configure:7021: checking for argz.h
configure:7021: result: no
configure:7021: checking limits.h usability
configure:7021: arm-buildroot-linux-uclibcgnueabihf-gcc -c -g -O2  conftest.c >&5
configure:7021: $? = 0
configure:7021: result: yes
configure:7021: checking limits.h presence
configure:7021: arm-buildroot-linux-uclibcgnueabihf-gcc -E  conftest.c
configure:7021: $? = 0
configure:7021: result: yes
configure:7021: checking for limits.h
configure:7021: result: yes
configure:7021: checking locale.h usability
configure:7021: arm-buildroot-linux-uclibcgnueabihf-gcc -c -g -O2  conftest.c >&5
configure:7021: $? = 0
configure:7021: result: yes
configure:7021: checking locale.h presence
configure:7021: arm-buildroot-linux-uclibcgnueabihf-gcc -E  conftest.c
configure:7021: $? = 0
configure:7021: result: yes
configure:7021: checking for locale.h
configure:7021: result: yes
configure:7021: checking nl_types.h usability
configure:7021: arm-buildroot-linux-uclibcgnueabihf-gcc -c -g -O2  conftest.c >&5
configure:7021: $? = 0
configure:7021: result: yes
configure:7021: checking nl_types.h presence
configure:7021: arm-buildroot-linux-uclibcgnueabihf-gcc -E  conftest.c
configure:7021: $? = 0
configure:7021: result: yes
configure:7021: checking for nl_types.h
configure:7021: result: yes
configure:7021: checking malloc.h usability
configure:7021: arm-buildroot-linux-uclibcgnueabihf-gcc -c -g -O2  conftest.c >&5
configure:7021: $? = 0
configure:7021: result: yes
configure:7021: checking malloc.h presence
configure:7021: arm-buildroot-linux-uclibcgnueabihf-gcc -E  conftest.c
configure:7021: $? = 0
configure:7021: result: yes
configure:7021: checking for malloc.h
configure:7021: result: yes
configure:7021: checking stddef.h usability
configure:7021: arm-buildroot-linux-uclibcgnueabihf-gcc -c -g -O2  conftest.c >&5
configure:7021: $? = 0
configure:7021: result: yes
configure:7021: checking stddef.h presence
configure:7021: arm-buildroot-linux-uclibcgnueabihf-gcc -E  conftest.c
configure:7021: $? = 0
configure:7021: result: yes
configure:7021: checking for stddef.h
configure:7021: result: yes
configure:7021: checking for stdlib.h
configure:7021: result: yes
configure:7021: checking for string.h
configure:7021: result: yes
configure:7021: checking for unistd.h
configure:7021: result: yes
configure:7021: checking for sys/param.h
configure:7021: result: yes
configure:7037: checking for asprintf
configure:7037: arm-buildroot-linux-uclibcgnueabihf-gcc -o conftest -g -O2   conftest.c  >&5
configure:7037: $? = 0
configure:7037: result: yes
configure:7037: checking for fwprintf
configure:7037: arm-buildroot-linux-uclibcgnueabihf-gcc -o conftest -g -O2   conftest.c  >&5
configure:7037: $? = 0
configure:7037: result: yes
configure:7037: checking for getcwd
configure:7037: arm-buildroot-linux-uclibcgnueabihf-gcc -o conftest -g -O2   conftest.c  >&5
configure:7037: $? = 0
configure:7037: result: yes
configure:7037: checking for getegid
configure:7037: arm-buildroot-linux-uclibcgnueabihf-gcc -o conftest -g -O2   conftest.c  >&5
configure:7037: $? = 0
configure:7037: result: yes
configure:7037: checking for geteuid
configure:7037: arm-buildroot-linux-uclibcgnueabihf-gcc -o conftest -g -O2   conftest.c  >&5
configure:7037: $? = 0
configure:7037: result: yes
configure:7037: checking for getgid
configure:7037: arm-buildroot-linux-uclibcgnueabihf-gcc -o conftest -g -O2   conftest.c  >&5
configure:7037: $? = 0
configure:7037: result: yes
configure:7037: checking for getuid
configure:7037: arm-buildroot-linux-uclibcgnueabihf-gcc -o conftest -g -O2   conftest.c  >&5
configure:7037: $? = 0
configure:7037: result: yes
configure:7037: checking for mempcpy
configure:7037: arm-buildroot-linux-uclibcgnueabihf-gcc -o conftest -g -O2   conftest.c  >&5
conftest.c:82:6: warning: conflicting types for built-in function 'mempcpy'
 char mempcpy ();
      ^
configure:7037: $? = 0
configure:7037: result: yes
configure:7037: checking for munmap
configure:7037: arm-buildroot-linux-uclibcgnueabihf-gcc -o conftest -g -O2   conftest.c  >&5
configure:7037: $? = 0
configure:7037: result: yes
configure:7037: checking for putenv
configure:7037: arm-buildroot-linux-uclibcgnueabihf-gcc -o conftest -g -O2   conftest.c  >&5
configure:7037: $? = 0
configure:7037: result: yes
configure:7037: checking for setenv
configure:7037: arm-buildroot-linux-uclibcgnueabihf-gcc -o conftest -g -O2   conftest.c  >&5
configure:7037: $? = 0
configure:7037: result: yes
configure:7037: checking for setlocale
configure:7037: arm-buildroot-linux-uclibcgnueabihf-gcc -o conftest -g -O2   conftest.c  >&5
configure:7037: $? = 0
configure:7037: result: yes
configure:7037: checking for snprintf
configure:7037: arm-buildroot-linux-uclibcgnueabihf-gcc -o conftest -g -O2   conftest.c  >&5
conftest.c:87:6: warning: conflicting types for built-in function 'snprintf'
 char snprintf ();
      ^
configure:7037: $? = 0
configure:7037: result: yes
configure:7037: checking for stpcpy
configure:7037: arm-buildroot-linux-uclibcgnueabihf-gcc -o conftest -g -O2   conftest.c  >&5
conftest.c:88:6: warning: conflicting types for built-in function 'stpcpy'
 char stpcpy ();
      ^
configure:7037: $? = 0
configure:7037: result: yes
configure:7037: checking for strcasecmp
configure:7037: arm-buildroot-linux-uclibcgnueabihf-gcc -o conftest -g -O2   conftest.c  >&5
conftest.c:89:6: warning: conflicting types for built-in function 'strcasecmp'
 char strcasecmp ();
      ^
configure:7037: $? = 0
configure:7037: result: yes
configure:7037: checking for strdup
configure:7037: arm-buildroot-linux-uclibcgnueabihf-gcc -o conftest -g -O2   conftest.c  >&5
conftest.c:90:6: warning: conflicting types for built-in function 'strdup'
 char strdup ();
      ^
configure:7037: $? = 0
configure:7037: result: yes
configure:7037: checking for strtoul
configure:7037: arm-buildroot-linux-uclibcgnueabihf-gcc -o conftest -g -O2   conftest.c  >&5
configure:7037: $? = 0
configure:7037: result: yes
configure:7037: checking for tsearch
configure:7037: arm-buildroot-linux-uclibcgnueabihf-gcc -o conftest -g -O2   conftest.c  >&5
configure:7037: $? = 0
configure:7037: result: yes
configure:7037: checking for wcslen
configure:7037: arm-buildroot-linux-uclibcgnueabihf-gcc -o conftest -g -O2   conftest.c  >&5
configure:7037: $? = 0
configure:7037: result: yes
configure:7037: checking for __argz_count
configure:7037: arm-buildroot-linux-uclibcgnueabihf-gcc -o conftest -g -O2   conftest.c  >&5
/tmp/ccOzOQlP.o: In function `main':
/home/liyongli/SVN/hddtemp-0.3-beta15/conftest.c:105: undefined reference to `__argz_count'
collect2: error: ld returned 1 exit status
configure:7037: $? = 1
configure: failed program was:
| /* confdefs.h */
| #define PACKAGE_NAME ""
| #define PACKAGE_TARNAME ""
| #define PACKAGE_VERSION ""
| #define PACKAGE_STRING ""
| #define PACKAGE_BUGREPORT ""
| #define PACKAGE_URL ""
| #define PACKAGE "hddtemp"
| #define VERSION "0.3-beta15"
| #define STDC_HEADERS 1
| #define HAVE_SYS_TYPES_H 1
| #define HAVE_SYS_STAT_H 1
| #define HAVE_STDLIB_H 1
| #define HAVE_STRING_H 1
| #define HAVE_MEMORY_H 1
| #define HAVE_STRINGS_H 1
| #define HAVE_INTTYPES_H 1
| #define HAVE_STDINT_H 1
| #define HAVE_UNISTD_H 1
| #define HAVE_FCNTL_H 1
| #define HAVE_NETINET_IN_H 1
| #define HAVE_LONG_LONG 1
| #define HAVE_LONG_DOUBLE 1
| #define HAVE_WCHAR_T 1
| #define HAVE_WINT_T 1
| #define HAVE_INTTYPES_H_WITH_UINTMAX 1
| #define HAVE_STDINT_H_WITH_UINTMAX 1
| #define HAVE_INTMAX_T 1
| #define HAVE_POSIX_PRINTF 1
| #define HAVE_ALLOCA_H 1
| #define HAVE_ALLOCA 1
| #define HAVE_STDLIB_H 1
| #define HAVE_UNISTD_H 1
| #define HAVE_SYS_PARAM_H 1
| #define HAVE_GETPAGESIZE 1
| #define INTDIV0_RAISES_SIGFPE 0
| #define HAVE_UNSIGNED_LONG_LONG 1
| #define HAVE_UINTMAX_T 1
| #define HAVE_INTTYPES_H 1
| #define HAVE_STDINT_H 1
| #define HAVE_STDINT_H 1
| #define HAVE_LIMITS_H 1
| #define HAVE_LOCALE_H 1
| #define HAVE_NL_TYPES_H 1
| #define HAVE_MALLOC_H 1
| #define HAVE_STDDEF_H 1
| #define HAVE_STDLIB_H 1
| #define HAVE_STRING_H 1
| #define HAVE_UNISTD_H 1
| #define HAVE_SYS_PARAM_H 1
| #define HAVE_ASPRINTF 1
| #define HAVE_FWPRINTF 1
| #define HAVE_GETCWD 1
| #define HAVE_GETEGID 1
| #define HAVE_GETEUID 1
| #define HAVE_GETGID 1
| #define HAVE_GETUID 1
| #define HAVE_MEMPCPY 1
| #define HAVE_MUNMAP 1
| #define HAVE_PUTENV 1
| #define HAVE_SETENV 1
| #define HAVE_SETLOCALE 1
| #define HAVE_SNPRINTF 1
| #define HAVE_STPCPY 1
| #define HAVE_STRCASECMP 1
| #define HAVE_STRDUP 1
| #define HAVE_STRTOUL 1
| #define HAVE_TSEARCH 1
| #define HAVE_WCSLEN 1
| /* end confdefs.h.  */
| /* Define __argz_count to an innocuous variant, in case <limits.h> declares __argz_count.
|    For example, HP-UX 11i <limits.h> declares gettimeofday.  */
| #define __argz_count innocuous___argz_count
| 
| /* System header to define __stub macros and hopefully few prototypes,
|     which can conflict with char __argz_count (); below.
|     Prefer <limits.h> to <assert.h> if __STDC__ is defined, since
|     <limits.h> exists even on freestanding compilers.  */
| 
| #ifdef __STDC__
| # include <limits.h>
| #else
| # include <assert.h>
| #endif
| 
| #undef __argz_count
| 
| /* Override any GCC internal prototype to avoid an error.
|    Use char because int might match the return type of a GCC
|    builtin and then its argument prototype would still apply.  */
| #ifdef __cplusplus
| extern "C"
| #endif
| char __argz_count ();
| /* The GNU C library defines this for functions which it implements
|     to always fail with ENOSYS.  Some functions are actually named
|     something starting with __ and the normal name is an alias.  */
| #if defined __stub___argz_count || defined __stub_____argz_count
| choke me
| #endif
| 
| int
| main ()
| {
| return __argz_count ();
|   ;
|   return 0;
| }
configure:7037: result: no
configure:7037: checking for __argz_stringify
configure:7037: arm-buildroot-linux-uclibcgnueabihf-gcc -o conftest -g -O2   conftest.c  >&5
/tmp/ccalmsVT.o: In function `main':
/home/liyongli/SVN/hddtemp-0.3-beta15/conftest.c:105: undefined reference to `__argz_stringify'
collect2: error: ld returned 1 exit status
configure:7037: $? = 1
configure: failed program was:
| /* confdefs.h */
| #define PACKAGE_NAME ""
| #define PACKAGE_TARNAME ""
| #define PACKAGE_VERSION ""
| #define PACKAGE_STRING ""
| #define PACKAGE_BUGREPORT ""
| #define PACKAGE_URL ""
| #define PACKAGE "hddtemp"
| #define VERSION "0.3-beta15"
| #define STDC_HEADERS 1
| #define HAVE_SYS_TYPES_H 1
| #define HAVE_SYS_STAT_H 1
| #define HAVE_STDLIB_H 1
| #define HAVE_STRING_H 1
| #define HAVE_MEMORY_H 1
| #define HAVE_STRINGS_H 1
| #define HAVE_INTTYPES_H 1
| #define HAVE_STDINT_H 1
| #define HAVE_UNISTD_H 1
| #define HAVE_FCNTL_H 1
| #define HAVE_NETINET_IN_H 1
| #define HAVE_LONG_LONG 1
| #define HAVE_LONG_DOUBLE 1
| #define HAVE_WCHAR_T 1
| #define HAVE_WINT_T 1
| #define HAVE_INTTYPES_H_WITH_UINTMAX 1
| #define HAVE_STDINT_H_WITH_UINTMAX 1
| #define HAVE_INTMAX_T 1
| #define HAVE_POSIX_PRINTF 1
| #define HAVE_ALLOCA_H 1
| #define HAVE_ALLOCA 1
| #define HAVE_STDLIB_H 1
| #define HAVE_UNISTD_H 1
| #define HAVE_SYS_PARAM_H 1
| #define HAVE_GETPAGESIZE 1
| #define INTDIV0_RAISES_SIGFPE 0
| #define HAVE_UNSIGNED_LONG_LONG 1
| #define HAVE_UINTMAX_T 1
| #define HAVE_INTTYPES_H 1
| #define HAVE_STDINT_H 1
| #define HAVE_STDINT_H 1
| #define HAVE_LIMITS_H 1
| #define HAVE_LOCALE_H 1
| #define HAVE_NL_TYPES_H 1
| #define HAVE_MALLOC_H 1
| #define HAVE_STDDEF_H 1
| #define HAVE_STDLIB_H 1
| #define HAVE_STRING_H 1
| #define HAVE_UNISTD_H 1
| #define HAVE_SYS_PARAM_H 1
| #define HAVE_ASPRINTF 1
| #define HAVE_FWPRINTF 1
| #define HAVE_GETCWD 1
| #define HAVE_GETEGID 1
| #define HAVE_GETEUID 1
| #define HAVE_GETGID 1
| #define HAVE_GETUID 1
| #define HAVE_MEMPCPY 1
| #define HAVE_MUNMAP 1
| #define HAVE_PUTENV 1
| #define HAVE_SETENV 1
| #define HAVE_SETLOCALE 1
| #define HAVE_SNPRINTF 1
| #define HAVE_STPCPY 1
| #define HAVE_STRCASECMP 1
| #define HAVE_STRDUP 1
| #define HAVE_STRTOUL 1
| #define HAVE_TSEARCH 1
| #define HAVE_WCSLEN 1
| /* end confdefs.h.  */
| /* Define __argz_stringify to an innocuous variant, in case <limits.h> declares __argz_stringify.
|    For example, HP-UX 11i <limits.h> declares gettimeofday.  */
| #define __argz_stringify innocuous___argz_stringify
| 
| /* System header to define __stub macros and hopefully few prototypes,
|     which can conflict with char __argz_stringify (); below.
|     Prefer <limits.h> to <assert.h> if __STDC__ is defined, since
|     <limits.h> exists even on freestanding compilers.  */
| 
| #ifdef __STDC__
| # include <limits.h>
| #else
| # include <assert.h>
| #endif
| 
| #undef __argz_stringify
| 
| /* Override any GCC internal prototype to avoid an error.
|    Use char because int might match the return type of a GCC
|    builtin and then its argument prototype would still apply.  */
| #ifdef __cplusplus
| extern "C"
| #endif
| char __argz_stringify ();
| /* The GNU C library defines this for functions which it implements
|     to always fail with ENOSYS.  Some functions are actually named
|     something starting with __ and the normal name is an alias.  */
| #if defined __stub___argz_stringify || defined __stub_____argz_stringify
| choke me
| #endif
| 
| int
| main ()
| {
| return __argz_stringify ();
|   ;
|   return 0;
| }
configure:7037: result: no
configure:7037: checking for __argz_next
configure:7037: arm-buildroot-linux-uclibcgnueabihf-gcc -o conftest -g -O2   conftest.c  >&5
/tmp/cc2QO3Z2.o: In function `main':
/home/liyongli/SVN/hddtemp-0.3-beta15/conftest.c:105: undefined reference to `__argz_next'
collect2: error: ld returned 1 exit status
configure:7037: $? = 1
configure: failed program was:
| /* confdefs.h */
| #define PACKAGE_NAME ""
| #define PACKAGE_TARNAME ""
| #define PACKAGE_VERSION ""
| #define PACKAGE_STRING ""
| #define PACKAGE_BUGREPORT ""
| #define PACKAGE_URL ""
| #define PACKAGE "hddtemp"
| #define VERSION "0.3-beta15"
| #define STDC_HEADERS 1
| #define HAVE_SYS_TYPES_H 1
| #define HAVE_SYS_STAT_H 1
| #define HAVE_STDLIB_H 1
| #define HAVE_STRING_H 1
| #define HAVE_MEMORY_H 1
| #define HAVE_STRINGS_H 1
| #define HAVE_INTTYPES_H 1
| #define HAVE_STDINT_H 1
| #define HAVE_UNISTD_H 1
| #define HAVE_FCNTL_H 1
| #define HAVE_NETINET_IN_H 1
| #define HAVE_LONG_LONG 1
| #define HAVE_LONG_DOUBLE 1
| #define HAVE_WCHAR_T 1
| #define HAVE_WINT_T 1
| #define HAVE_INTTYPES_H_WITH_UINTMAX 1
| #define HAVE_STDINT_H_WITH_UINTMAX 1
| #define HAVE_INTMAX_T 1
| #define HAVE_POSIX_PRINTF 1
| #define HAVE_ALLOCA_H 1
| #define HAVE_ALLOCA 1
| #define HAVE_STDLIB_H 1
| #define HAVE_UNISTD_H 1
| #define HAVE_SYS_PARAM_H 1
| #define HAVE_GETPAGESIZE 1
| #define INTDIV0_RAISES_SIGFPE 0
| #define HAVE_UNSIGNED_LONG_LONG 1
| #define HAVE_UINTMAX_T 1
| #define HAVE_INTTYPES_H 1
| #define HAVE_STDINT_H 1
| #define HAVE_STDINT_H 1
| #define HAVE_LIMITS_H 1
| #define HAVE_LOCALE_H 1
| #define HAVE_NL_TYPES_H 1
| #define HAVE_MALLOC_H 1
| #define HAVE_STDDEF_H 1
| #define HAVE_STDLIB_H 1
| #define HAVE_STRING_H 1
| #define HAVE_UNISTD_H 1
| #define HAVE_SYS_PARAM_H 1
| #define HAVE_ASPRINTF 1
| #define HAVE_FWPRINTF 1
| #define HAVE_GETCWD 1
| #define HAVE_GETEGID 1
| #define HAVE_GETEUID 1
| #define HAVE_GETGID 1
| #define HAVE_GETUID 1
| #define HAVE_MEMPCPY 1
| #define HAVE_MUNMAP 1
| #define HAVE_PUTENV 1
| #define HAVE_SETENV 1
| #define HAVE_SETLOCALE 1
| #define HAVE_SNPRINTF 1
| #define HAVE_STPCPY 1
| #define HAVE_STRCASECMP 1
| #define HAVE_STRDUP 1
| #define HAVE_STRTOUL 1
| #define HAVE_TSEARCH 1
| #define HAVE_WCSLEN 1
| /* end confdefs.h.  */
| /* Define __argz_next to an innocuous variant, in case <limits.h> declares __argz_next.
|    For example, HP-UX 11i <limits.h> declares gettimeofday.  */
| #define __argz_next innocuous___argz_next
| 
| /* System header to define __stub macros and hopefully few prototypes,
|     which can conflict with char __argz_next (); below.
|     Prefer <limits.h> to <assert.h> if __STDC__ is defined, since
|     <limits.h> exists even on freestanding compilers.  */
| 
| #ifdef __STDC__
| # include <limits.h>
| #else
| # include <assert.h>
| #endif
| 
| #undef __argz_next
| 
| /* Override any GCC internal prototype to avoid an error.
|    Use char because int might match the return type of a GCC
|    builtin and then its argument prototype would still apply.  */
| #ifdef __cplusplus
| extern "C"
| #endif
| char __argz_next ();
| /* The GNU C library defines this for functions which it implements
|     to always fail with ENOSYS.  Some functions are actually named
|     something starting with __ and the normal name is an alias.  */
| #if defined __stub___argz_next || defined __stub_____argz_next
| choke me
| #endif
| 
| int
| main ()
| {
| return __argz_next ();
|   ;
|   return 0;
| }
configure:7037: result: no
configure:7037: checking for __fsetlocking
configure:7037: arm-buildroot-linux-uclibcgnueabihf-gcc -o conftest -g -O2   conftest.c  >&5
configure:7037: $? = 0
configure:7037: result: yes
configure:7048: checking whether _snprintf is declared
configure:7068: arm-buildroot-linux-uclibcgnueabihf-gcc -c -g -O2  conftest.c >&5
conftest.c: In function 'main':
conftest.c:78:22: error: '_snprintf' undeclared (first use in this function)
   char *p = (char *) _snprintf;
                      ^
conftest.c:78:22: note: each undeclared identifier is reported only once for each function it appears in
configure:7068: $? = 1
configure: failed program was:
| /* confdefs.h */
| #define PACKAGE_NAME ""
| #define PACKAGE_TARNAME ""
| #define PACKAGE_VERSION ""
| #define PACKAGE_STRING ""
| #define PACKAGE_BUGREPORT ""
| #define PACKAGE_URL ""
| #define PACKAGE "hddtemp"
| #define VERSION "0.3-beta15"
| #define STDC_HEADERS 1
| #define HAVE_SYS_TYPES_H 1
| #define HAVE_SYS_STAT_H 1
| #define HAVE_STDLIB_H 1
| #define HAVE_STRING_H 1
| #define HAVE_MEMORY_H 1
| #define HAVE_STRINGS_H 1
| #define HAVE_INTTYPES_H 1
| #define HAVE_STDINT_H 1
| #define HAVE_UNISTD_H 1
| #define HAVE_FCNTL_H 1
| #define HAVE_NETINET_IN_H 1
| #define HAVE_LONG_LONG 1
| #define HAVE_LONG_DOUBLE 1
| #define HAVE_WCHAR_T 1
| #define HAVE_WINT_T 1
| #define HAVE_INTTYPES_H_WITH_UINTMAX 1
| #define HAVE_STDINT_H_WITH_UINTMAX 1
| #define HAVE_INTMAX_T 1
| #define HAVE_POSIX_PRINTF 1
| #define HAVE_ALLOCA_H 1
| #define HAVE_ALLOCA 1
| #define HAVE_STDLIB_H 1
| #define HAVE_UNISTD_H 1
| #define HAVE_SYS_PARAM_H 1
| #define HAVE_GETPAGESIZE 1
| #define INTDIV0_RAISES_SIGFPE 0
| #define HAVE_UNSIGNED_LONG_LONG 1
| #define HAVE_UINTMAX_T 1
| #define HAVE_INTTYPES_H 1
| #define HAVE_STDINT_H 1
| #define HAVE_STDINT_H 1
| #define HAVE_LIMITS_H 1
| #define HAVE_LOCALE_H 1
| #define HAVE_NL_TYPES_H 1
| #define HAVE_MALLOC_H 1
| #define HAVE_STDDEF_H 1
| #define HAVE_STDLIB_H 1
| #define HAVE_STRING_H 1
| #define HAVE_UNISTD_H 1
| #define HAVE_SYS_PARAM_H 1
| #define HAVE_ASPRINTF 1
| #define HAVE_FWPRINTF 1
| #define HAVE_GETCWD 1
| #define HAVE_GETEGID 1
| #define HAVE_GETEUID 1
| #define HAVE_GETGID 1
| #define HAVE_GETUID 1
| #define HAVE_MEMPCPY 1
| #define HAVE_MUNMAP 1
| #define HAVE_PUTENV 1
| #define HAVE_SETENV 1
| #define HAVE_SETLOCALE 1
| #define HAVE_SNPRINTF 1
| #define HAVE_STPCPY 1
| #define HAVE_STRCASECMP 1
| #define HAVE_STRDUP 1
| #define HAVE_STRTOUL 1
| #define HAVE_TSEARCH 1
| #define HAVE_WCSLEN 1
| #define HAVE___FSETLOCKING 1
| /* end confdefs.h.  */
| #include <stdio.h>
| int
| main ()
| {
| 
| #ifndef _snprintf
|   char *p = (char *) _snprintf;
| #endif
| 
|   ;
|   return 0;
| }
configure:7075: result: no
configure:7089: checking whether _snwprintf is declared
configure:7109: arm-buildroot-linux-uclibcgnueabihf-gcc -c -g -O2  conftest.c >&5
conftest.c: In function 'main':
conftest.c:79:22: error: '_snwprintf' undeclared (first use in this function)
   char *p = (char *) _snwprintf;
                      ^
conftest.c:79:22: note: each undeclared identifier is reported only once for each function it appears in
configure:7109: $? = 1
configure: failed program was:
| /* confdefs.h */
| #define PACKAGE_NAME ""
| #define PACKAGE_TARNAME ""
| #define PACKAGE_VERSION ""
| #define PACKAGE_STRING ""
| #define PACKAGE_BUGREPORT ""
| #define PACKAGE_URL ""
| #define PACKAGE "hddtemp"
| #define VERSION "0.3-beta15"
| #define STDC_HEADERS 1
| #define HAVE_SYS_TYPES_H 1
| #define HAVE_SYS_STAT_H 1
| #define HAVE_STDLIB_H 1
| #define HAVE_STRING_H 1
| #define HAVE_MEMORY_H 1
| #define HAVE_STRINGS_H 1
| #define HAVE_INTTYPES_H 1
| #define HAVE_STDINT_H 1
| #define HAVE_UNISTD_H 1
| #define HAVE_FCNTL_H 1
| #define HAVE_NETINET_IN_H 1
| #define HAVE_LONG_LONG 1
| #define HAVE_LONG_DOUBLE 1
| #define HAVE_WCHAR_T 1
| #define HAVE_WINT_T 1
| #define HAVE_INTTYPES_H_WITH_UINTMAX 1
| #define HAVE_STDINT_H_WITH_UINTMAX 1
| #define HAVE_INTMAX_T 1
| #define HAVE_POSIX_PRINTF 1
| #define HAVE_ALLOCA_H 1
| #define HAVE_ALLOCA 1
| #define HAVE_STDLIB_H 1
| #define HAVE_UNISTD_H 1
| #define HAVE_SYS_PARAM_H 1
| #define HAVE_GETPAGESIZE 1
| #define INTDIV0_RAISES_SIGFPE 0
| #define HAVE_UNSIGNED_LONG_LONG 1
| #define HAVE_UINTMAX_T 1
| #define HAVE_INTTYPES_H 1
| #define HAVE_STDINT_H 1
| #define HAVE_STDINT_H 1
| #define HAVE_LIMITS_H 1
| #define HAVE_LOCALE_H 1
| #define HAVE_NL_TYPES_H 1
| #define HAVE_MALLOC_H 1
| #define HAVE_STDDEF_H 1
| #define HAVE_STDLIB_H 1
| #define HAVE_STRING_H 1
| #define HAVE_UNISTD_H 1
| #define HAVE_SYS_PARAM_H 1
| #define HAVE_ASPRINTF 1
| #define HAVE_FWPRINTF 1
| #define HAVE_GETCWD 1
| #define HAVE_GETEGID 1
| #define HAVE_GETEUID 1
| #define HAVE_GETGID 1
| #define HAVE_GETUID 1
| #define HAVE_MEMPCPY 1
| #define HAVE_MUNMAP 1
| #define HAVE_PUTENV 1
| #define HAVE_SETENV 1
| #define HAVE_SETLOCALE 1
| #define HAVE_SNPRINTF 1
| #define HAVE_STPCPY 1
| #define HAVE_STRCASECMP 1
| #define HAVE_STRDUP 1
| #define HAVE_STRTOUL 1
| #define HAVE_TSEARCH 1
| #define HAVE_WCSLEN 1
| #define HAVE___FSETLOCKING 1
| #define HAVE_DECL__SNPRINTF 0
| /* end confdefs.h.  */
| #include <stdio.h>
| int
| main ()
| {
| 
| #ifndef _snwprintf
|   char *p = (char *) _snwprintf;
| #endif
| 
|   ;
|   return 0;
| }
configure:7116: result: no
configure:7131: checking whether feof_unlocked is declared
configure:7151: arm-buildroot-linux-uclibcgnueabihf-gcc -c -g -O2  conftest.c >&5
configure:7151: $? = 0
configure:7158: result: yes
configure:7172: checking whether fgets_unlocked is declared
configure:7192: arm-buildroot-linux-uclibcgnueabihf-gcc -c -g -O2  conftest.c >&5
conftest.c: In function 'main':
conftest.c:81:22: error: 'fgets_unlocked' undeclared (first use in this function)
   char *p = (char *) fgets_unlocked;
                      ^
conftest.c:81:22: note: each undeclared identifier is reported only once for each function it appears in
configure:7192: $? = 1
configure: failed program was:
| /* confdefs.h */
| #define PACKAGE_NAME ""
| #define PACKAGE_TARNAME ""
| #define PACKAGE_VERSION ""
| #define PACKAGE_STRING ""
| #define PACKAGE_BUGREPORT ""
| #define PACKAGE_URL ""
| #define PACKAGE "hddtemp"
| #define VERSION "0.3-beta15"
| #define STDC_HEADERS 1
| #define HAVE_SYS_TYPES_H 1
| #define HAVE_SYS_STAT_H 1
| #define HAVE_STDLIB_H 1
| #define HAVE_STRING_H 1
| #define HAVE_MEMORY_H 1
| #define HAVE_STRINGS_H 1
| #define HAVE_INTTYPES_H 1
| #define HAVE_STDINT_H 1
| #define HAVE_UNISTD_H 1
| #define HAVE_FCNTL_H 1
| #define HAVE_NETINET_IN_H 1
| #define HAVE_LONG_LONG 1
| #define HAVE_LONG_DOUBLE 1
| #define HAVE_WCHAR_T 1
| #define HAVE_WINT_T 1
| #define HAVE_INTTYPES_H_WITH_UINTMAX 1
| #define HAVE_STDINT_H_WITH_UINTMAX 1
| #define HAVE_INTMAX_T 1
| #define HAVE_POSIX_PRINTF 1
| #define HAVE_ALLOCA_H 1
| #define HAVE_ALLOCA 1
| #define HAVE_STDLIB_H 1
| #define HAVE_UNISTD_H 1
| #define HAVE_SYS_PARAM_H 1
| #define HAVE_GETPAGESIZE 1
| #define INTDIV0_RAISES_SIGFPE 0
| #define HAVE_UNSIGNED_LONG_LONG 1
| #define HAVE_UINTMAX_T 1
| #define HAVE_INTTYPES_H 1
| #define HAVE_STDINT_H 1
| #define HAVE_STDINT_H 1
| #define HAVE_LIMITS_H 1
| #define HAVE_LOCALE_H 1
| #define HAVE_NL_TYPES_H 1
| #define HAVE_MALLOC_H 1
| #define HAVE_STDDEF_H 1
| #define HAVE_STDLIB_H 1
| #define HAVE_STRING_H 1
| #define HAVE_UNISTD_H 1
| #define HAVE_SYS_PARAM_H 1
| #define HAVE_ASPRINTF 1
| #define HAVE_FWPRINTF 1
| #define HAVE_GETCWD 1
| #define HAVE_GETEGID 1
| #define HAVE_GETEUID 1
| #define HAVE_GETGID 1
| #define HAVE_GETUID 1
| #define HAVE_MEMPCPY 1
| #define HAVE_MUNMAP 1
| #define HAVE_PUTENV 1
| #define HAVE_SETENV 1
| #define HAVE_SETLOCALE 1
| #define HAVE_SNPRINTF 1
| #define HAVE_STPCPY 1
| #define HAVE_STRCASECMP 1
| #define HAVE_STRDUP 1
| #define HAVE_STRTOUL 1
| #define HAVE_TSEARCH 1
| #define HAVE_WCSLEN 1
| #define HAVE___FSETLOCKING 1
| #define HAVE_DECL__SNPRINTF 0
| #define HAVE_DECL__SNWPRINTF 0
| #define HAVE_DECL_FEOF_UNLOCKED 1
| /* end confdefs.h.  */
| #include <stdio.h>
| int
| main ()
| {
| 
| #ifndef fgets_unlocked
|   char *p = (char *) fgets_unlocked;
| #endif
| 
|   ;
|   return 0;
| }
configure:7199: result: no
configure:7213: checking whether getc_unlocked is declared
configure:7233: arm-buildroot-linux-uclibcgnueabihf-gcc -c -g -O2  conftest.c >&5
configure:7233: $? = 0
configure:7240: result: yes
configure:7308: checking for iconv
configure:7330: arm-buildroot-linux-uclibcgnueabihf-gcc -o conftest -g -O2   conftest.c  >&5
conftest.c:78:19: fatal error: iconv.h: No such file or directory
 #include <iconv.h>
                   ^
compilation terminated.
configure:7330: $? = 1
configure: failed program was:
| /* confdefs.h */
| #define PACKAGE_NAME ""
| #define PACKAGE_TARNAME ""
| #define PACKAGE_VERSION ""
| #define PACKAGE_STRING ""
| #define PACKAGE_BUGREPORT ""
| #define PACKAGE_URL ""
| #define PACKAGE "hddtemp"
| #define VERSION "0.3-beta15"
| #define STDC_HEADERS 1
| #define HAVE_SYS_TYPES_H 1
| #define HAVE_SYS_STAT_H 1
| #define HAVE_STDLIB_H 1
| #define HAVE_STRING_H 1
| #define HAVE_MEMORY_H 1
| #define HAVE_STRINGS_H 1
| #define HAVE_INTTYPES_H 1
| #define HAVE_STDINT_H 1
| #define HAVE_UNISTD_H 1
| #define HAVE_FCNTL_H 1
| #define HAVE_NETINET_IN_H 1
| #define HAVE_LONG_LONG 1
| #define HAVE_LONG_DOUBLE 1
| #define HAVE_WCHAR_T 1
| #define HAVE_WINT_T 1
| #define HAVE_INTTYPES_H_WITH_UINTMAX 1
| #define HAVE_STDINT_H_WITH_UINTMAX 1
| #define HAVE_INTMAX_T 1
| #define HAVE_POSIX_PRINTF 1
| #define HAVE_ALLOCA_H 1
| #define HAVE_ALLOCA 1
| #define HAVE_STDLIB_H 1
| #define HAVE_UNISTD_H 1
| #define HAVE_SYS_PARAM_H 1
| #define HAVE_GETPAGESIZE 1
| #define INTDIV0_RAISES_SIGFPE 0
| #define HAVE_UNSIGNED_LONG_LONG 1
| #define HAVE_UINTMAX_T 1
| #define HAVE_INTTYPES_H 1
| #define HAVE_STDINT_H 1
| #define HAVE_STDINT_H 1
| #define HAVE_LIMITS_H 1
| #define HAVE_LOCALE_H 1
| #define HAVE_NL_TYPES_H 1
| #define HAVE_MALLOC_H 1
| #define HAVE_STDDEF_H 1
| #define HAVE_STDLIB_H 1
| #define HAVE_STRING_H 1
| #define HAVE_UNISTD_H 1
| #define HAVE_SYS_PARAM_H 1
| #define HAVE_ASPRINTF 1
| #define HAVE_FWPRINTF 1
| #define HAVE_GETCWD 1
| #define HAVE_GETEGID 1
| #define HAVE_GETEUID 1
| #define HAVE_GETGID 1
| #define HAVE_GETUID 1
| #define HAVE_MEMPCPY 1
| #define HAVE_MUNMAP 1
| #define HAVE_PUTENV 1
| #define HAVE_SETENV 1
| #define HAVE_SETLOCALE 1
| #define HAVE_SNPRINTF 1
| #define HAVE_STPCPY 1
| #define HAVE_STRCASECMP 1
| #define HAVE_STRDUP 1
| #define HAVE_STRTOUL 1
| #define HAVE_TSEARCH 1
| #define HAVE_WCSLEN 1
| #define HAVE___FSETLOCKING 1
| #define HAVE_DECL__SNPRINTF 0
| #define HAVE_DECL__SNWPRINTF 0
| #define HAVE_DECL_FEOF_UNLOCKED 1
| #define HAVE_DECL_FGETS_UNLOCKED 0
| #define HAVE_DECL_GETC_UNLOCKED 1
| /* end confdefs.h.  */
| #include <stdlib.h>
| #include <iconv.h>
| int
| main ()
| {
| iconv_t cd = iconv_open("","");
|        iconv(cd,NULL,NULL,NULL,NULL);
|        iconv_close(cd);
|   ;
|   return 0;
| }
configure:7352: arm-buildroot-linux-uclibcgnueabihf-gcc -o conftest -g -O2   conftest.c  /usr/local/lib/libiconv.so -Wl,-rpath -Wl,/usr/local/lib >&5
conftest.c:78:19: fatal error: iconv.h: No such file or directory
 #include <iconv.h>
                   ^
compilation terminated.
configure:7352: $? = 1
configure: failed program was:
| /* confdefs.h */
| #define PACKAGE_NAME ""
| #define PACKAGE_TARNAME ""
| #define PACKAGE_VERSION ""
| #define PACKAGE_STRING ""
| #define PACKAGE_BUGREPORT ""
| #define PACKAGE_URL ""
| #define PACKAGE "hddtemp"
| #define VERSION "0.3-beta15"
| #define STDC_HEADERS 1
| #define HAVE_SYS_TYPES_H 1
| #define HAVE_SYS_STAT_H 1
| #define HAVE_STDLIB_H 1
| #define HAVE_STRING_H 1
| #define HAVE_MEMORY_H 1
| #define HAVE_STRINGS_H 1
| #define HAVE_INTTYPES_H 1
| #define HAVE_STDINT_H 1
| #define HAVE_UNISTD_H 1
| #define HAVE_FCNTL_H 1
| #define HAVE_NETINET_IN_H 1
| #define HAVE_LONG_LONG 1
| #define HAVE_LONG_DOUBLE 1
| #define HAVE_WCHAR_T 1
| #define HAVE_WINT_T 1
| #define HAVE_INTTYPES_H_WITH_UINTMAX 1
| #define HAVE_STDINT_H_WITH_UINTMAX 1
| #define HAVE_INTMAX_T 1
| #define HAVE_POSIX_PRINTF 1
| #define HAVE_ALLOCA_H 1
| #define HAVE_ALLOCA 1
| #define HAVE_STDLIB_H 1
| #define HAVE_UNISTD_H 1
| #define HAVE_SYS_PARAM_H 1
| #define HAVE_GETPAGESIZE 1
| #define INTDIV0_RAISES_SIGFPE 0
| #define HAVE_UNSIGNED_LONG_LONG 1
| #define HAVE_UINTMAX_T 1
| #define HAVE_INTTYPES_H 1
| #define HAVE_STDINT_H 1
| #define HAVE_STDINT_H 1
| #define HAVE_LIMITS_H 1
| #define HAVE_LOCALE_H 1
| #define HAVE_NL_TYPES_H 1
| #define HAVE_MALLOC_H 1
| #define HAVE_STDDEF_H 1
| #define HAVE_STDLIB_H 1
| #define HAVE_STRING_H 1
| #define HAVE_UNISTD_H 1
| #define HAVE_SYS_PARAM_H 1
| #define HAVE_ASPRINTF 1
| #define HAVE_FWPRINTF 1
| #define HAVE_GETCWD 1
| #define HAVE_GETEGID 1
| #define HAVE_GETEUID 1
| #define HAVE_GETGID 1
| #define HAVE_GETUID 1
| #define HAVE_MEMPCPY 1
| #define HAVE_MUNMAP 1
| #define HAVE_PUTENV 1
| #define HAVE_SETENV 1
| #define HAVE_SETLOCALE 1
| #define HAVE_SNPRINTF 1
| #define HAVE_STPCPY 1
| #define HAVE_STRCASECMP 1
| #define HAVE_STRDUP 1
| #define HAVE_STRTOUL 1
| #define HAVE_TSEARCH 1
| #define HAVE_WCSLEN 1
| #define HAVE___FSETLOCKING 1
| #define HAVE_DECL__SNPRINTF 0
| #define HAVE_DECL__SNWPRINTF 0
| #define HAVE_DECL_FEOF_UNLOCKED 1
| #define HAVE_DECL_FGETS_UNLOCKED 0
| #define HAVE_DECL_GETC_UNLOCKED 1
| /* end confdefs.h.  */
| #include <stdlib.h>
| #include <iconv.h>
| int
| main ()
| {
| iconv_t cd = iconv_open("","");
|          iconv(cd,NULL,NULL,NULL,NULL);
|          iconv_close(cd);
|   ;
|   return 0;
| }
configure:7362: result: no, consider installing GNU libiconv
configure:7434: checking for nl_langinfo and CODESET
configure:7450: arm-buildroot-linux-uclibcgnueabihf-gcc -o conftest -g -O2   conftest.c  >&5
configure:7450: $? = 0
configure:7459: result: yes
configure:7469: checking for LC_MESSAGES
configure:7485: arm-buildroot-linux-uclibcgnueabihf-gcc -o conftest -g -O2   conftest.c  >&5
configure:7485: $? = 0
configure:7493: result: yes
configure:7511: checking for bison
configure:7527: found /usr/bin/bison
configure:7538: result: bison
configure:7552: checking version of bison
configure:7561: result: 3.0.4, ok
configure:7583: checking for CFPreferencesCopyAppValue
configure:7613: result: no
configure:7620: checking for CFLocaleCopyCurrent
configure:7650: result: no
configure:7665: checking whether NLS is requested
configure:7674: result: yes
configure:7690: checking whether included gettext is requested
configure:7700: result: no
configure:7711: checking for GNU gettext in libc
configure:7730: arm-buildroot-linux-uclibcgnueabihf-gcc -o conftest -g -O2   conftest.c  >&5
conftest.c:79:21: fatal error: libintl.h: No such file or directory
 #include <libintl.h>
                     ^
compilation terminated.
configure:7730: $? = 1
configure: failed program was:
| /* confdefs.h */
| #define PACKAGE_NAME ""
| #define PACKAGE_TARNAME ""
| #define PACKAGE_VERSION ""
| #define PACKAGE_STRING ""
| #define PACKAGE_BUGREPORT ""
| #define PACKAGE_URL ""
| #define PACKAGE "hddtemp"
| #define VERSION "0.3-beta15"
| #define STDC_HEADERS 1
| #define HAVE_SYS_TYPES_H 1
| #define HAVE_SYS_STAT_H 1
| #define HAVE_STDLIB_H 1
| #define HAVE_STRING_H 1
| #define HAVE_MEMORY_H 1
| #define HAVE_STRINGS_H 1
| #define HAVE_INTTYPES_H 1
| #define HAVE_STDINT_H 1
| #define HAVE_UNISTD_H 1
| #define HAVE_FCNTL_H 1
| #define HAVE_NETINET_IN_H 1
| #define HAVE_LONG_LONG 1
| #define HAVE_LONG_DOUBLE 1
| #define HAVE_WCHAR_T 1
| #define HAVE_WINT_T 1
| #define HAVE_INTTYPES_H_WITH_UINTMAX 1
| #define HAVE_STDINT_H_WITH_UINTMAX 1
| #define HAVE_INTMAX_T 1
| #define HAVE_POSIX_PRINTF 1
| #define HAVE_ALLOCA_H 1
| #define HAVE_ALLOCA 1
| #define HAVE_STDLIB_H 1
| #define HAVE_UNISTD_H 1
| #define HAVE_SYS_PARAM_H 1
| #define HAVE_GETPAGESIZE 1
| #define INTDIV0_RAISES_SIGFPE 0
| #define HAVE_UNSIGNED_LONG_LONG 1
| #define HAVE_UINTMAX_T 1
| #define HAVE_INTTYPES_H 1
| #define HAVE_STDINT_H 1
| #define HAVE_STDINT_H 1
| #define HAVE_LIMITS_H 1
| #define HAVE_LOCALE_H 1
| #define HAVE_NL_TYPES_H 1
| #define HAVE_MALLOC_H 1
| #define HAVE_STDDEF_H 1
| #define HAVE_STDLIB_H 1
| #define HAVE_STRING_H 1
| #define HAVE_UNISTD_H 1
| #define HAVE_SYS_PARAM_H 1
| #define HAVE_ASPRINTF 1
| #define HAVE_FWPRINTF 1
| #define HAVE_GETCWD 1
| #define HAVE_GETEGID 1
| #define HAVE_GETEUID 1
| #define HAVE_GETGID 1
| #define HAVE_GETUID 1
| #define HAVE_MEMPCPY 1
| #define HAVE_MUNMAP 1
| #define HAVE_PUTENV 1
| #define HAVE_SETENV 1
| #define HAVE_SETLOCALE 1
| #define HAVE_SNPRINTF 1
| #define HAVE_STPCPY 1
| #define HAVE_STRCASECMP 1
| #define HAVE_STRDUP 1
| #define HAVE_STRTOUL 1
| #define HAVE_TSEARCH 1
| #define HAVE_WCSLEN 1
| #define HAVE___FSETLOCKING 1
| #define HAVE_DECL__SNPRINTF 0
| #define HAVE_DECL__SNWPRINTF 0
| #define HAVE_DECL_FEOF_UNLOCKED 1
| #define HAVE_DECL_FGETS_UNLOCKED 0
| #define HAVE_DECL_GETC_UNLOCKED 1
| #define HAVE_LANGINFO_CODESET 1
| #define HAVE_LC_MESSAGES 1
| /* end confdefs.h.  */
| #include <libintl.h>
| extern int _nl_msg_cat_cntr;
| extern int *_nl_domain_bindings;
| int
| main ()
| {
| bindtextdomain ("", "");
| return (int) gettext ("") + _nl_msg_cat_cntr + *_nl_domain_bindings
|   ;
|   return 0;
| }
configure:7738: result: no
configure:8121: checking for GNU gettext in libintl
configure:8148: arm-buildroot-linux-uclibcgnueabihf-gcc -o conftest -g -O2    conftest.c  -lintl >&5
conftest.c:79:21: fatal error: libintl.h: No such file or directory
 #include <libintl.h>
                     ^
compilation terminated.
configure:8148: $? = 1
configure: failed program was:
| /* confdefs.h */
| #define PACKAGE_NAME ""
| #define PACKAGE_TARNAME ""
| #define PACKAGE_VERSION ""
| #define PACKAGE_STRING ""
| #define PACKAGE_BUGREPORT ""
| #define PACKAGE_URL ""
| #define PACKAGE "hddtemp"
| #define VERSION "0.3-beta15"
| #define STDC_HEADERS 1
| #define HAVE_SYS_TYPES_H 1
| #define HAVE_SYS_STAT_H 1
| #define HAVE_STDLIB_H 1
| #define HAVE_STRING_H 1
| #define HAVE_MEMORY_H 1
| #define HAVE_STRINGS_H 1
| #define HAVE_INTTYPES_H 1
| #define HAVE_STDINT_H 1
| #define HAVE_UNISTD_H 1
| #define HAVE_FCNTL_H 1
| #define HAVE_NETINET_IN_H 1
| #define HAVE_LONG_LONG 1
| #define HAVE_LONG_DOUBLE 1
| #define HAVE_WCHAR_T 1
| #define HAVE_WINT_T 1
| #define HAVE_INTTYPES_H_WITH_UINTMAX 1
| #define HAVE_STDINT_H_WITH_UINTMAX 1
| #define HAVE_INTMAX_T 1
| #define HAVE_POSIX_PRINTF 1
| #define HAVE_ALLOCA_H 1
| #define HAVE_ALLOCA 1
| #define HAVE_STDLIB_H 1
| #define HAVE_UNISTD_H 1
| #define HAVE_SYS_PARAM_H 1
| #define HAVE_GETPAGESIZE 1
| #define INTDIV0_RAISES_SIGFPE 0
| #define HAVE_UNSIGNED_LONG_LONG 1
| #define HAVE_UINTMAX_T 1
| #define HAVE_INTTYPES_H 1
| #define HAVE_STDINT_H 1
| #define HAVE_STDINT_H 1
| #define HAVE_LIMITS_H 1
| #define HAVE_LOCALE_H 1
| #define HAVE_NL_TYPES_H 1
| #define HAVE_MALLOC_H 1
| #define HAVE_STDDEF_H 1
| #define HAVE_STDLIB_H 1
| #define HAVE_STRING_H 1
| #define HAVE_UNISTD_H 1
| #define HAVE_SYS_PARAM_H 1
| #define HAVE_ASPRINTF 1
| #define HAVE_FWPRINTF 1
| #define HAVE_GETCWD 1
| #define HAVE_GETEGID 1
| #define HAVE_GETEUID 1
| #define HAVE_GETGID 1
| #define HAVE_GETUID 1
| #define HAVE_MEMPCPY 1
| #define HAVE_MUNMAP 1
| #define HAVE_PUTENV 1
| #define HAVE_SETENV 1
| #define HAVE_SETLOCALE 1
| #define HAVE_SNPRINTF 1
| #define HAVE_STPCPY 1
| #define HAVE_STRCASECMP 1
| #define HAVE_STRDUP 1
| #define HAVE_STRTOUL 1
| #define HAVE_TSEARCH 1
| #define HAVE_WCSLEN 1
| #define HAVE___FSETLOCKING 1
| #define HAVE_DECL__SNPRINTF 0
| #define HAVE_DECL__SNWPRINTF 0
| #define HAVE_DECL_FEOF_UNLOCKED 1
| #define HAVE_DECL_FGETS_UNLOCKED 0
| #define HAVE_DECL_GETC_UNLOCKED 1
| #define HAVE_LANGINFO_CODESET 1
| #define HAVE_LC_MESSAGES 1
| /* end confdefs.h.  */
| #include <libintl.h>
| extern int _nl_msg_cat_cntr;
| extern
| #ifdef __cplusplus
| "C"
| #endif
| const char *_nl_expand_alias (const char *);
| int
| main ()
| {
| bindtextdomain ("", "");
| return (int) gettext ("") + _nl_msg_cat_cntr + *_nl_expand_alias ("")
|   ;
|   return 0;
| }
configure:8187: result: no
configure:8240: checking whether to use NLS
configure:8242: result: yes
configure:8245: checking where the gettext function comes from
configure:8256: result: included intl directory
configure:8350: checking Location of hddtemp.db
configure:8370: result: "/mnt/mtd/Config/hddtemp.db"
configure:8493: checking that generated files are newer than configure
configure:8499: result: done
configure:8522: creating ./config.status

## ---------------------- ##
## Running config.status. ##
## ---------------------- ##

This file was extended by config.status, which was
generated by GNU Autoconf 2.69.  Invocation command line was

  CONFIG_FILES    = 
  CONFIG_HEADERS  = 
  CONFIG_LINKS    = 
  CONFIG_COMMANDS = 
  $ ./config.status 

on dell

config.status:964: creating Makefile
config.status:964: creating intl/Makefile
config.status:1072: WARNING:  'intl/Makefile.in' seems to ignore the --datarootdir setting
config.status:964: creating po/Makefile.in
config.status:1072: WARNING:  'po/Makefile.in.in' seems to ignore the --datarootdir setting
config.status:964: creating m4/Makefile
config.status:964: creating src/Makefile
config.status:964: creating doc/Makefile
config.status:964: creating config.h
config.status:1145: config.h is unchanged
config.status:1193: executing depfiles commands
config.status:1193: executing default-1 commands
configure:9971: result:

hddtemp-0.3-beta15 is now configured for 

  Build:                x86_64-unknown-linux-gnu
  Host:                 arm-buildroot-linux-gnu
  Source directory:     .
  Installation prefix:  /usr/local
  C compiler:           arm-buildroot-linux-uclibcgnueabihf-gcc -g -O2 -Wall -W -Wcast-align



## ---------------- ##
## Cache variables. ##
## ---------------- ##

ac_cv_build=x86_64-unknown-linux-gnu
ac_cv_c_compiler_gnu=yes
ac_cv_c_const=yes
ac_cv_c_inline=inline
ac_cv_env_CC_set=set
ac_cv_env_CC_value=arm-buildroot-linux-uclibcgnueabihf-gcc
ac_cv_env_CFLAGS_set=
ac_cv_env_CFLAGS_value=
ac_cv_env_CPPFLAGS_set=
ac_cv_env_CPPFLAGS_value=
ac_cv_env_CPP_set=
ac_cv_env_CPP_value=
ac_cv_env_LDFLAGS_set=
ac_cv_env_LDFLAGS_value=
ac_cv_env_LIBS_set=
ac_cv_env_LIBS_value=
ac_cv_env_build_alias_set=
ac_cv_env_build_alias_value=
ac_cv_env_host_alias_set=set
ac_cv_env_host_alias_value=arm-buildroot-linux
ac_cv_env_target_alias_set=set
ac_cv_env_target_alias_value=arm-buildroot-linux
ac_cv_func___argz_count=no
ac_cv_func___argz_next=no
ac_cv_func___argz_stringify=no
ac_cv_func___fsetlocking=yes
ac_cv_func_alloca_works=yes
ac_cv_func_asprintf=yes
ac_cv_func_fwprintf=yes
ac_cv_func_getcwd=yes
ac_cv_func_getegid=yes
ac_cv_func_geteuid=yes
ac_cv_func_getgid=yes
ac_cv_func_getpagesize=yes
ac_cv_func_getuid=yes
ac_cv_func_mempcpy=yes
ac_cv_func_mmap_fixed_mapped=no
ac_cv_func_munmap=yes
ac_cv_func_putenv=yes
ac_cv_func_setenv=yes
ac_cv_func_setlocale=yes
ac_cv_func_snprintf=yes
ac_cv_func_stpcpy=yes
ac_cv_func_strcasecmp=yes
ac_cv_func_strdup=yes
ac_cv_func_strtoul=yes
ac_cv_func_tsearch=yes
ac_cv_func_wcslen=yes
ac_cv_gnu_library_2=yes
ac_cv_gnu_library_2_1=yes
ac_cv_have_decl__snprintf=no
ac_cv_have_decl__snwprintf=no
ac_cv_have_decl_feof_unlocked=yes
ac_cv_have_decl_fgets_unlocked=no
ac_cv_have_decl_getc_unlocked=yes
ac_cv_header_argz_h=no
ac_cv_header_fcntl_h=yes
ac_cv_header_inttypes_h=yes
ac_cv_header_limits_h=yes
ac_cv_header_locale_h=yes
ac_cv_header_malloc_h=yes
ac_cv_header_memory_h=yes
ac_cv_header_netinet_in_h=yes
ac_cv_header_nl_types_h=yes
ac_cv_header_stdc=yes
ac_cv_header_stddef_h=yes
ac_cv_header_stdint_h=yes
ac_cv_header_stdlib_h=yes
ac_cv_header_string_h=yes
ac_cv_header_strings_h=yes
ac_cv_header_sys_param_h=yes
ac_cv_header_sys_stat_h=yes
ac_cv_header_sys_types_h=yes
ac_cv_header_unistd_h=yes
ac_cv_host=arm-buildroot-linux-gnu
ac_cv_lib_cposix_strerror=no
ac_cv_objext=o
ac_cv_path_EGREP='/bin/grep -E'
ac_cv_path_GMSGFMT=/usr/bin/msgfmt
ac_cv_path_GREP=/bin/grep
ac_cv_path_MSGFMT=/usr/bin/msgfmt
ac_cv_path_MSGMERGE=/usr/bin/msgmerge
ac_cv_path_XGETTEXT=/usr/bin/xgettext
ac_cv_path_install='/usr/bin/install -c'
ac_cv_path_mkdir=/bin/mkdir
ac_cv_prog_AWK=gawk
ac_cv_prog_CC=arm-buildroot-linux-uclibcgnueabihf-gcc
ac_cv_prog_CPP='arm-buildroot-linux-uclibcgnueabihf-gcc -E'
ac_cv_prog_INTLBISON=bison
ac_cv_prog_ac_ct_RANLIB=ranlib
ac_cv_prog_ac_ct_STRIP=strip
ac_cv_prog_cc_c89=
ac_cv_prog_cc_g=yes
ac_cv_prog_make_make_set=yes
ac_cv_struct_tm=time.h
ac_cv_type_in_addr_t=yes
ac_cv_type_long_long=yes
ac_cv_type_off_t=yes
ac_cv_type_ptrdiff_t=yes
ac_cv_type_size_t=yes
ac_cv_type_unsigned_long_long=yes
ac_cv_working_alloca_h=yes
acl_cv_hardcode_direct=no
acl_cv_hardcode_libdir_flag_spec='${wl}-rpath ${wl}$libdir'
acl_cv_hardcode_libdir_separator=
acl_cv_hardcode_minus_L=no
acl_cv_libext=a
acl_cv_path_LD=/opt/mstar-linux/arm-buildroot-linux-uclibcgnueabihf-4.9.4-uclibc-1.0.31/arm-buildroot-linux-uclibcgnueabihf/bin/ld
acl_cv_prog_gnu_ld=yes
acl_cv_rpath=done
acl_cv_shlibext=so
acl_cv_wl=-Wl,
am_cv_CC_dependencies_compiler_type=gcc3
am_cv_func_iconv='no, consider installing GNU libiconv'
am_cv_langinfo_codeset=yes
am_cv_lib_iconv=no
am_cv_make_support_nested_variables=yes
am_cv_prog_cc_c_o=yes
bh_cv_c_signed=yes
gl_cv_header_inttypes_h=yes
gl_cv_header_stdint_h=yes
gt_cv_c_intmax_t=yes
gt_cv_c_long_double=yes
gt_cv_c_wchar_t=yes
gt_cv_c_wint_t=yes
gt_cv_func_CFLocaleCopyCurrent=no
gt_cv_func_CFPreferencesCopyAppValue=no
gt_cv_func_gnugettext1_libc=no
gt_cv_func_gnugettext1_libintl=no
gt_cv_func_printf_posix='guessing yes'
gt_cv_header_inttypes_h=yes
gt_cv_int_divbyzero_sigfpe='guessing no'
gt_cv_inttypes_pri_broken=no
gt_cv_val_LC_MESSAGES=yes
nls_cv_force_use_gnu_gettext=no
nls_cv_header_intl=
nls_cv_header_libgt=
nls_cv_use_gnu_gettext=yes

## ----------------- ##
## Output variables. ##
## ----------------- ##

ACLOCAL='aclocal-1.15'
ALLOCA=''
AMDEPBACKSLASH='\'
AMDEP_FALSE='#'
AMDEP_TRUE=''
AMTAR='$${TAR-tar}'
AM_BACKSLASH='\'
AM_DEFAULT_V='$(AM_DEFAULT_VERBOSITY)'
AM_DEFAULT_VERBOSITY='1'
AM_V='$(V)'
AUTOCONF='autoconf'
AUTOHEADER='autoheader'
AUTOMAKE='automake-1.15'
AWK='gawk'
BUILD_INCLUDED_LIBINTL='yes'
CATOBJEXT='.gmo'
CC='arm-buildroot-linux-uclibcgnueabihf-gcc'
CCDEPMODE='depmode=gcc3'
CFLAGS='-g -O2 -Wall -W -Wcast-align'
CPP='arm-buildroot-linux-uclibcgnueabihf-gcc -E'
CPPFLAGS=''
CYGPATH_W='echo'
DATADIRNAME='share'
DEFS='-DHAVE_CONFIG_H'
DEPDIR='.deps'
ECHO_C=''
ECHO_N='-n'
ECHO_T=''
EGREP='/bin/grep -E'
EXEEXT=''
GENCAT='gencat'
GLIBC21='yes'
GLIBC2='yes'
GMSGFMT='/usr/bin/msgfmt'
GREP='/bin/grep'
HAVE_ASPRINTF='1'
HAVE_POSIX_PRINTF='1'
HAVE_SNPRINTF='1'
HAVE_WPRINTF='0'
INSTALL_DATA='${INSTALL} -m 644'
INSTALL_PROGRAM='${INSTALL}'
INSTALL_SCRIPT='${INSTALL}'
INSTALL_STRIP_PROGRAM='$(install_sh) -c -s'
INSTOBJEXT='.mo'
INTLBISON='bison'
INTLLIBS='${top_builddir}/intl/libintl.a '
INTLOBJS='$(GETTOBJS)'
INTL_LIBTOOL_SUFFIX_PREFIX=''
INTL_MACOSX_LIBS=''
LDFLAGS=''
LIBICONV=''
LIBINTL='${top_builddir}/intl/libintl.a '
LIBOBJS=''
LIBS=''
LTLIBICONV=''
LTLIBINTL='${top_builddir}/intl/libintl.a '
LTLIBOBJS=''
MAKEINFO='makeinfo'
MKDIR_P='/bin/mkdir -p'
MKINSTALLDIRS='$(top_builddir)/./mkinstalldirs'
MSGFMT='/usr/bin/msgfmt'
MSGMERGE='/usr/bin/msgmerge'
OBJEXT='o'
PACKAGE='hddtemp'
PACKAGE_BUGREPORT=''
PACKAGE_NAME=''
PACKAGE_STRING=''
PACKAGE_TARNAME=''
PACKAGE_URL=''
PACKAGE_VERSION=''
PATH_SEPARATOR=':'
POSUB='po'
RANLIB='ranlib'
SET_MAKE=''
SHELL='/bin/sh'
STRIP='strip'
USE_INCLUDED_LIBINTL='yes'
USE_NLS='yes'
VERSION='0.3-beta15'
XGETTEXT='/usr/bin/xgettext'
ac_ct_CC=''
am__EXEEXT_FALSE=''
am__EXEEXT_TRUE='#'
am__fastdepCC_FALSE='#'
am__fastdepCC_TRUE=''
am__include='include'
am__isrc=''
am__leading_dot='.'
am__nodep='_no'
am__quote=''
am__tar='$${TAR-tar} chof - "$$tardir"'
am__untar='$${TAR-tar} xf -'
bindir='${exec_prefix}/bin'
build='x86_64-unknown-linux-gnu'
build_alias=''
build_cpu='x86_64'
build_os='linux-gnu'
build_vendor='unknown'
datadir='${datarootdir}'
datarootdir='${prefix}/share'
docdir='${datarootdir}/doc/${PACKAGE}'
dvidir='${docdir}'
exec_prefix='/usr/local'
host='arm-buildroot-linux-gnu'
host_alias='arm-buildroot-linux'
host_cpu='arm'
host_os='linux-gnu'
host_vendor='buildroot'
htmldir='${docdir}'
includedir='${prefix}/include'
infodir='${datarootdir}/info'
install_sh='${SHELL} /home/liyongli/SVN/hddtemp-0.3-beta15/install-sh'
libdir='${exec_prefix}/lib'
libexecdir='${exec_prefix}/libexec'
localedir='${datarootdir}/locale'
localstatedir='${prefix}/var'
mandir='${datarootdir}/man'
mkdir_p='$(MKDIR_P)'
oldincludedir='/usr/include'
pdfdir='${docdir}'
prefix='/usr/local'
program_transform_name='s,x,x,'
psdir='${docdir}'
runstatedir='${localstatedir}/run'
sbindir='${exec_prefix}/sbin'
sharedstatedir='${prefix}/com'
sysconfdir='${prefix}/etc'
target_alias='arm-buildroot-linux'

## ----------- ##
## confdefs.h. ##
## ----------- ##

/* confdefs.h */
#define PACKAGE_NAME ""
#define PACKAGE_TARNAME ""
#define PACKAGE_VERSION ""
#define PACKAGE_STRING ""
#define PACKAGE_BUGREPORT ""
#define PACKAGE_URL ""
#define PACKAGE "hddtemp"
#define VERSION "0.3-beta15"
#define STDC_HEADERS 1
#define HAVE_SYS_TYPES_H 1
#define HAVE_SYS_STAT_H 1
#define HAVE_STDLIB_H 1
#define HAVE_STRING_H 1
#define HAVE_MEMORY_H 1
#define HAVE_STRINGS_H 1
#define HAVE_INTTYPES_H 1
#define HAVE_STDINT_H 1
#define HAVE_UNISTD_H 1
#define HAVE_FCNTL_H 1
#define HAVE_NETINET_IN_H 1
#define HAVE_LONG_LONG 1
#define HAVE_LONG_DOUBLE 1
#define HAVE_WCHAR_T 1
#define HAVE_WINT_T 1
#define HAVE_INTTYPES_H_WITH_UINTMAX 1
#define HAVE_STDINT_H_WITH_UINTMAX 1
#define HAVE_INTMAX_T 1
#define HAVE_POSIX_PRINTF 1
#define HAVE_ALLOCA_H 1
#define HAVE_ALLOCA 1
#define HAVE_STDLIB_H 1
#define HAVE_UNISTD_H 1
#define HAVE_SYS_PARAM_H 1
#define HAVE_GETPAGESIZE 1
#define INTDIV0_RAISES_SIGFPE 0
#define HAVE_UNSIGNED_LONG_LONG 1
#define HAVE_UINTMAX_T 1
#define HAVE_INTTYPES_H 1
#define HAVE_STDINT_H 1
#define HAVE_STDINT_H 1
#define HAVE_LIMITS_H 1
#define HAVE_LOCALE_H 1
#define HAVE_NL_TYPES_H 1
#define HAVE_MALLOC_H 1
#define HAVE_STDDEF_H 1
#define HAVE_STDLIB_H 1
#define HAVE_STRING_H 1
#define HAVE_UNISTD_H 1
#define HAVE_SYS_PARAM_H 1
#define HAVE_ASPRINTF 1
#define HAVE_FWPRINTF 1
#define HAVE_GETCWD 1
#define HAVE_GETEGID 1
#define HAVE_GETEUID 1
#define HAVE_GETGID 1
#define HAVE_GETUID 1
#define HAVE_MEMPCPY 1
#define HAVE_MUNMAP 1
#define HAVE_PUTENV 1
#define HAVE_SETENV 1
#define HAVE_SETLOCALE 1
#define HAVE_SNPRINTF 1
#define HAVE_STPCPY 1
#define HAVE_STRCASECMP 1
#define HAVE_STRDUP 1
#define HAVE_STRTOUL 1
#define HAVE_TSEARCH 1
#define HAVE_WCSLEN 1
#define HAVE___FSETLOCKING 1
#define HAVE_DECL__SNPRINTF 0
#define HAVE_DECL__SNWPRINTF 0
#define HAVE_DECL_FEOF_UNLOCKED 1
#define HAVE_DECL_FGETS_UNLOCKED 0
#define HAVE_DECL_GETC_UNLOCKED 1
#define HAVE_LANGINFO_CODESET 1
#define HAVE_LC_MESSAGES 1
#define ENABLE_NLS 1
#define DEFAULT_DATABASE_PATH "/mnt/mtd/Config/hddtemp.db"

configure: exit 0
